{"C:/Users/russe/dev/json-mail-merge/src/App.tsx": {"path":"C:/Users/russe/dev/json-mail-merge/src/App.tsx","statementMap":{"0":{"start":{"line":9,"column":20},"end":{"line":9,"column":null}}},"fnMap":{},"branchMap":{},"s":{"0":0},"f":{},"b":{}}
,"C:/Users/russe/dev/json-mail-merge/src/components/AppTour.tsx": {"path":"C:/Users/russe/dev/json-mail-merge/src/components/AppTour.tsx","statementMap":{"0":{"start":{"line":37,"column":25},"end":{"line":37,"column":null}},"1":{"start":{"line":38,"column":23},"end":{"line":110,"column":null}},"2":{"start":{"line":39,"column":24},"end":{"line":39,"column":null}},"3":{"start":{"line":40,"column":0},"end":{"line":45,"column":null}},"4":{"start":{"line":40,"column":34},"end":{"line":45,"column":null}},"5":{"start":{"line":42,"column":0},"end":{"line":42,"column":null}},"6":{"start":{"line":43,"column":0},"end":{"line":43,"column":null}},"7":{"start":{"line":46,"column":0},"end":{"line":59,"column":null}},"8":{"start":{"line":47,"column":30},"end":{"line":50,"column":null}},"9":{"start":{"line":51,"column":0},"end":{"line":53,"column":null}},"10":{"start":{"line":52,"column":0},"end":{"line":52,"column":null}},"11":{"start":{"line":54,"column":29},"end":{"line":54,"column":null}},"12":{"start":{"line":55,"column":0},"end":{"line":58,"column":null}},"13":{"start":{"line":56,"column":20},"end":{"line":56,"column":null}},"14":{"start":{"line":56,"column":37},"end":{"line":56,"column":51}},"15":{"start":{"line":57,"column":0},"end":{"line":57,"column":null}},"16":{"start":{"line":57,"column":19},"end":{"line":57,"column":null}},"17":{"start":{"line":60,"column":25},"end":{"line":66,"column":null}},"18":{"start":{"line":61,"column":23},"end":{"line":61,"column":null}},"19":{"start":{"line":62,"column":0},"end":{"line":65,"column":null}},"20":{"start":{"line":63,"column":0},"end":{"line":63,"column":null}},"21":{"start":{"line":64,"column":0},"end":{"line":64,"column":null}},"22":{"start":{"line":111,"column":0},"end":{"line":111,"column":null}}},"fnMap":{"0":{"name":"(anonymous_0)","decl":{"start":{"line":38,"column":50},"end":{"line":38,"column":51}},"loc":{"start":{"line":38,"column":54},"end":{"line":110,"column":null}}},"1":{"name":"(anonymous_1)","decl":{"start":{"line":40,"column":27},"end":{"line":40,"column":34}},"loc":{"start":{"line":40,"column":34},"end":{"line":45,"column":null}}},"2":{"name":"(anonymous_2)","decl":{"start":{"line":41,"column":15},"end":{"line":41,"column":null}},"loc":{"start":{"line":41,"column":15},"end":{"line":44,"column":null}}},"3":{"name":"(anonymous_3)","decl":{"start":{"line":46,"column":12},"end":{"line":46,"column":null}},"loc":{"start":{"line":46,"column":12},"end":{"line":59,"column":5}}},"4":{"name":"(anonymous_4)","decl":{"start":{"line":56,"column":31},"end":{"line":56,"column":37}},"loc":{"start":{"line":56,"column":37},"end":{"line":56,"column":51}}},"5":{"name":"(anonymous_5)","decl":{"start":{"line":57,"column":13},"end":{"line":57,"column":19}},"loc":{"start":{"line":57,"column":19},"end":{"line":57,"column":null}}},"6":{"name":"(anonymous_6)","decl":{"start":{"line":60,"column":25},"end":{"line":60,"column":26}},"loc":{"start":{"line":60,"column":26},"end":{"line":66,"column":null}}}},"branchMap":{"0":{"loc":{"start":{"line":47,"column":30},"end":{"line":50,"column":null}},"type":"binary-expr","locations":[{"start":{"line":47,"column":30},"end":{"line":47,"column":63}},{"start":{"line":47,"column":63},"end":{"line":47,"column":108}},{"start":{"line":47,"column":108},"end":{"line":47,"column":138}},{"start":{"line":47,"column":138},"end":{"line":47,"column":195}},{"start":{"line":47,"column":195},"end":{"line":47,"column":null}},{"start":{"line":48,"column":4},"end":{"line":48,"column":null}},{"start":{"line":49,"column":4},"end":{"line":49,"column":null}},{"start":{"line":50,"column":4},"end":{"line":50,"column":null}}]},"1":{"loc":{"start":{"line":51,"column":0},"end":{"line":53,"column":null}},"type":"if","locations":[{"start":{"line":51,"column":0},"end":{"line":53,"column":null}},{"start":{},"end":{}}]},"2":{"loc":{"start":{"line":55,"column":0},"end":{"line":58,"column":null}},"type":"if","locations":[{"start":{"line":55,"column":0},"end":{"line":58,"column":null}},{"start":{},"end":{}}]},"3":{"loc":{"start":{"line":62,"column":0},"end":{"line":65,"column":null}},"type":"if","locations":[{"start":{"line":62,"column":0},"end":{"line":65,"column":null}},{"start":{},"end":{}}]},"4":{"loc":{"start":{"line":62,"column":8},"end":{"line":62,"column":65}},"type":"binary-expr","locations":[{"start":{"line":62,"column":8},"end":{"line":62,"column":38}},{"start":{"line":62,"column":38},"end":{"line":62,"column":65}}]}},"s":{"0":0,"1":0,"2":0,"3":0,"4":0,"5":0,"6":0,"7":0,"8":0,"9":0,"10":0,"11":0,"12":0,"13":0,"14":0,"15":0,"16":0,"17":0,"18":0,"19":0,"20":0,"21":0,"22":0},"f":{"0":0,"1":0,"2":0,"3":0,"4":0,"5":0,"6":0},"b":{"0":[0,0,0,0,0,0,0,0],"1":[0,0],"2":[0,0],"3":[0,0],"4":[0,0]}}
,"C:/Users/russe/dev/json-mail-merge/src/components/CsvEditor.tsx": {"path":"C:/Users/russe/dev/json-mail-merge/src/components/CsvEditor.tsx","statementMap":{"0":{"start":{"line":7,"column":38},"end":{"line":7,"column":null}},"1":{"start":{"line":8,"column":23},"end":{"line":21,"column":null}},"2":{"start":{"line":9,"column":8},"end":{"line":9,"column":null}},"3":{"start":{"line":10,"column":21},"end":{"line":10,"column":44}},"4":{"start":{"line":11,"column":8},"end":{"line":18,"column":null}},"5":{"start":{"line":12,"column":27},"end":{"line":12,"column":null}},"6":{"start":{"line":13,"column":12},"end":{"line":16,"column":null}},"7":{"start":{"line":14,"column":32},"end":{"line":14,"column":null}},"8":{"start":{"line":15,"column":16},"end":{"line":15,"column":null}},"9":{"start":{"line":17,"column":12},"end":{"line":17,"column":null}},"10":{"start":{"line":22,"column":29},"end":{"line":34,"column":null}},"11":{"start":{"line":23,"column":21},"end":{"line":23,"column":40}},"12":{"start":{"line":24,"column":8},"end":{"line":31,"column":null}},"13":{"start":{"line":25,"column":27},"end":{"line":25,"column":null}},"14":{"start":{"line":26,"column":12},"end":{"line":29,"column":null}},"15":{"start":{"line":27,"column":32},"end":{"line":27,"column":null}},"16":{"start":{"line":28,"column":16},"end":{"line":28,"column":null}},"17":{"start":{"line":30,"column":12},"end":{"line":30,"column":null}},"18":{"start":{"line":35,"column":27},"end":{"line":52,"column":null}},"19":{"start":{"line":36,"column":8},"end":{"line":36,"column":null}},"20":{"start":{"line":36,"column":20},"end":{"line":36,"column":null}},"21":{"start":{"line":37,"column":21},"end":{"line":41,"column":null}},"22":{"start":{"line":42,"column":20},"end":{"line":42,"column":null}},"23":{"start":{"line":43,"column":18},"end":{"line":43,"column":null}},"24":{"start":{"line":44,"column":8},"end":{"line":44,"column":null}},"25":{"start":{"line":45,"column":8},"end":{"line":45,"column":null}},"26":{"start":{"line":46,"column":8},"end":{"line":46,"column":null}},"27":{"start":{"line":47,"column":8},"end":{"line":47,"column":null}},"28":{"start":{"line":48,"column":8},"end":{"line":48,"column":null}},"29":{"start":{"line":49,"column":8},"end":{"line":49,"column":null}},"30":{"start":{"line":53,"column":30},"end":{"line":58,"column":null}},"31":{"start":{"line":54,"column":8},"end":{"line":54,"column":null}},"32":{"start":{"line":54,"column":42},"end":{"line":54,"column":null}},"33":{"start":{"line":55,"column":24},"end":{"line":55,"column":null}},"34":{"start":{"line":56,"column":26},"end":{"line":56,"column":null}},"35":{"start":{"line":56,"column":51},"end":{"line":56,"column":64}},"36":{"start":{"line":57,"column":8},"end":{"line":57,"column":null}},"37":{"start":{"line":59,"column":27},"end":{"line":59,"column":null}},"38":{"start":{"line":59,"column":55},"end":{"line":59,"column":null}},"39":{"start":{"line":134,"column":33},"end":{"line":134,"column":null}},"40":{"start":{"line":135,"column":29},"end":{"line":135,"column":null}},"41":{"start":{"line":208,"column":43},"end":{"line":208,"column":null}},"42":{"start":{"line":328,"column":48},"end":{"line":328,"column":58}}},"fnMap":{"0":{"name":"CsvEditor","decl":{"start":{"line":6,"column":16},"end":{"line":6,"column":26}},"loc":{"start":{"line":6,"column":74},"end":{"line":346,"column":null}}},"1":{"name":"(anonymous_1)","decl":{"start":{"line":8,"column":35},"end":{"line":8,"column":36}},"loc":{"start":{"line":8,"column":36},"end":{"line":19,"column":7}}},"2":{"name":"(anonymous_2)","decl":{"start":{"line":13,"column":28},"end":{"line":13,"column":29}},"loc":{"start":{"line":13,"column":29},"end":{"line":16,"column":null}}},"3":{"name":"(anonymous_3)","decl":{"start":{"line":22,"column":41},"end":{"line":22,"column":42}},"loc":{"start":{"line":22,"column":42},"end":{"line":32,"column":7}}},"4":{"name":"(anonymous_4)","decl":{"start":{"line":26,"column":28},"end":{"line":26,"column":29}},"loc":{"start":{"line":26,"column":29},"end":{"line":29,"column":null}}},"5":{"name":"(anonymous_5)","decl":{"start":{"line":35,"column":39},"end":{"line":35,"column":null}},"loc":{"start":{"line":35,"column":39},"end":{"line":50,"column":7}}},"6":{"name":"(anonymous_6)","decl":{"start":{"line":53,"column":30},"end":{"line":53,"column":null}},"loc":{"start":{"line":53,"column":30},"end":{"line":58,"column":null}}},"7":{"name":"(anonymous_7)","decl":{"start":{"line":56,"column":46},"end":{"line":56,"column":47}},"loc":{"start":{"line":56,"column":51},"end":{"line":56,"column":64}}},"8":{"name":"(anonymous_8)","decl":{"start":{"line":59,"column":50},"end":{"line":59,"column":51}},"loc":{"start":{"line":59,"column":55},"end":{"line":59,"column":null}}},"9":{"name":"(anonymous_9)","decl":{"start":{"line":134,"column":28},"end":{"line":134,"column":29}},"loc":{"start":{"line":134,"column":33},"end":{"line":134,"column":null}}},"10":{"name":"(anonymous_10)","decl":{"start":{"line":135,"column":25},"end":{"line":135,"column":29}},"loc":{"start":{"line":135,"column":29},"end":{"line":135,"column":null}}},"11":{"name":"(anonymous_11)","decl":{"start":{"line":208,"column":38},"end":{"line":208,"column":39}},"loc":{"start":{"line":208,"column":43},"end":{"line":208,"column":null}}},"12":{"name":"(anonymous_15)","decl":{"start":{"line":328,"column":43},"end":{"line":328,"column":44}},"loc":{"start":{"line":328,"column":48},"end":{"line":328,"column":58}}}},"branchMap":{"0":{"loc":{"start":{"line":11,"column":8},"end":{"line":18,"column":null}},"type":"if","locations":[{"start":{"line":11,"column":8},"end":{"line":18,"column":null}},{"start":{},"end":{}}]},"1":{"loc":{"start":{"line":11,"column":12},"end":{"line":11,"column":78}},"type":"binary-expr","locations":[{"start":{"line":11,"column":12},"end":{"line":11,"column":20}},{"start":{"line":11,"column":21},"end":{"line":11,"column":49}},{"start":{"line":11,"column":49},"end":{"line":11,"column":75}}]},"2":{"loc":{"start":{"line":24,"column":8},"end":{"line":31,"column":null}},"type":"if","locations":[{"start":{"line":24,"column":8},"end":{"line":31,"column":null}},{"start":{},"end":{}}]},"3":{"loc":{"start":{"line":36,"column":8},"end":{"line":36,"column":null}},"type":"if","locations":[{"start":{"line":36,"column":8},"end":{"line":36,"column":null}},{"start":{},"end":{}}]},"4":{"loc":{"start":{"line":54,"column":8},"end":{"line":54,"column":null}},"type":"if","locations":[{"start":{"line":54,"column":8},"end":{"line":54,"column":null}},{"start":{},"end":{}}]},"5":{"loc":{"start":{"line":93,"column":28},"end":{"line":93,"column":51}},"type":"binary-expr","locations":[{"start":{"line":93,"column":28},"end":{"line":93,"column":51}}]},"6":{"loc":{"start":{"line":109,"column":28},"end":{"line":109,"column":72}},"type":"binary-expr","locations":[{"start":{"line":109,"column":28},"end":{"line":109,"column":72}}]},"7":{"loc":{"start":{"line":209,"column":41},"end":{"line":209,"column":null}},"type":"cond-expr","locations":[{"start":{"line":209,"column":70},"end":{"line":209,"column":119}},{"start":{"line":209,"column":122},"end":{"line":209,"column":null}}]},"8":{"loc":{"start":{"line":245,"column":71},"end":{"line":245,"column":null}},"type":"cond-expr","locations":[{"start":{"line":245,"column":106},"end":{"line":245,"column":123}},{"start":{"line":245,"column":123},"end":{"line":245,"column":null}}]},"9":{"loc":{"start":{"line":322,"column":12},"end":{"line":322,"column":55}},"type":"binary-expr","locations":[{"start":{"line":322,"column":12},"end":{"line":322,"column":55}}]}},"s":{"0":0,"1":0,"2":0,"3":0,"4":0,"5":0,"6":0,"7":0,"8":0,"9":0,"10":0,"11":0,"12":0,"13":0,"14":0,"15":0,"16":0,"17":0,"18":0,"19":0,"20":0,"21":0,"22":0,"23":0,"24":0,"25":0,"26":0,"27":0,"28":0,"29":0,"30":0,"31":0,"32":0,"33":0,"34":0,"35":0,"36":0,"37":0,"38":0,"39":0,"40":0,"41":0,"42":0},"f":{"0":0,"1":0,"2":0,"3":0,"4":0,"5":0,"6":0,"7":0,"8":0,"9":0,"10":0,"11":0,"12":0},"b":{"0":[0,0],"1":[0,0,0],"2":[0,0],"3":[0,0],"4":[0,0],"5":[0],"6":[0],"7":[0,0],"8":[0,0],"9":[0]}}
,"C:/Users/russe/dev/json-mail-merge/src/components/JsonEditor.tsx": {"path":"C:/Users/russe/dev/json-mail-merge/src/components/JsonEditor.tsx","statementMap":{"0":{"start":{"line":13,"column":24},"end":{"line":43,"column":null}},"1":{"start":{"line":45,"column":24},"end":{"line":45,"column":null}},"2":{"start":{"line":46,"column":44},"end":{"line":58,"column":null}},"3":{"start":{"line":59,"column":35},"end":{"line":59,"column":null}},"4":{"start":{"line":60,"column":29},"end":{"line":60,"column":null}},"5":{"start":{"line":61,"column":23},"end":{"line":74,"column":null}},"6":{"start":{"line":62,"column":8},"end":{"line":62,"column":null}},"7":{"start":{"line":63,"column":21},"end":{"line":63,"column":44}},"8":{"start":{"line":64,"column":8},"end":{"line":71,"column":null}},"9":{"start":{"line":65,"column":27},"end":{"line":65,"column":null}},"10":{"start":{"line":66,"column":12},"end":{"line":69,"column":null}},"11":{"start":{"line":67,"column":32},"end":{"line":67,"column":null}},"12":{"start":{"line":68,"column":16},"end":{"line":68,"column":null}},"13":{"start":{"line":70,"column":12},"end":{"line":70,"column":null}},"14":{"start":{"line":75,"column":29},"end":{"line":87,"column":null}},"15":{"start":{"line":76,"column":21},"end":{"line":76,"column":40}},"16":{"start":{"line":77,"column":8},"end":{"line":84,"column":null}},"17":{"start":{"line":78,"column":27},"end":{"line":78,"column":null}},"18":{"start":{"line":79,"column":12},"end":{"line":82,"column":null}},"19":{"start":{"line":80,"column":32},"end":{"line":80,"column":null}},"20":{"start":{"line":81,"column":16},"end":{"line":81,"column":null}},"21":{"start":{"line":83,"column":12},"end":{"line":83,"column":null}},"22":{"start":{"line":88,"column":27},"end":{"line":105,"column":null}},"23":{"start":{"line":89,"column":8},"end":{"line":89,"column":null}},"24":{"start":{"line":89,"column":20},"end":{"line":89,"column":null}},"25":{"start":{"line":90,"column":21},"end":{"line":94,"column":null}},"26":{"start":{"line":95,"column":20},"end":{"line":95,"column":null}},"27":{"start":{"line":96,"column":18},"end":{"line":96,"column":null}},"28":{"start":{"line":97,"column":8},"end":{"line":97,"column":null}},"29":{"start":{"line":98,"column":8},"end":{"line":98,"column":null}},"30":{"start":{"line":99,"column":8},"end":{"line":99,"column":null}},"31":{"start":{"line":100,"column":8},"end":{"line":100,"column":null}},"32":{"start":{"line":101,"column":8},"end":{"line":101,"column":null}},"33":{"start":{"line":102,"column":8},"end":{"line":102,"column":null}},"34":{"start":{"line":106,"column":32},"end":{"line":126,"column":null}},"35":{"start":{"line":107,"column":25},"end":{"line":107,"column":44}},"36":{"start":{"line":108,"column":8},"end":{"line":111,"column":null}},"37":{"start":{"line":108,"column":23},"end":{"line":111,"column":null}},"38":{"start":{"line":112,"column":35},"end":{"line":112,"column":null}},"39":{"start":{"line":113,"column":32},"end":{"line":113,"column":null}},"40":{"start":{"line":114,"column":22},"end":{"line":114,"column":null}},"41":{"start":{"line":115,"column":33},"end":{"line":115,"column":null}},"42":{"start":{"line":116,"column":34},"end":{"line":116,"column":64}},"43":{"start":{"line":118,"column":27},"end":{"line":118,"column":null}},"44":{"start":{"line":119,"column":26},"end":{"line":119,"column":null}},"45":{"start":{"line":120,"column":20},"end":{"line":120,"column":null}},"46":{"start":{"line":121,"column":21},"end":{"line":121,"column":null}},"47":{"start":{"line":122,"column":8},"end":{"line":125,"column":null}},"48":{"start":{"line":127,"column":25},"end":{"line":180,"column":null}},"49":{"start":{"line":128,"column":25},"end":{"line":128,"column":39}},"50":{"start":{"line":129,"column":26},"end":{"line":129,"column":49}},"51":{"start":{"line":130,"column":8},"end":{"line":130,"column":null}},"52":{"start":{"line":132,"column":33},"end":{"line":132,"column":null}},"53":{"start":{"line":133,"column":32},"end":{"line":133,"column":null}},"54":{"start":{"line":134,"column":8},"end":{"line":175,"column":null}},"55":{"start":{"line":135,"column":35},"end":{"line":135,"column":null}},"56":{"start":{"line":137,"column":12},"end":{"line":174,"column":null}},"57":{"start":{"line":139,"column":32},"end":{"line":139,"column":null}},"58":{"start":{"line":140,"column":16},"end":{"line":160,"column":null}},"59":{"start":{"line":142,"column":44},"end":{"line":142,"column":null}},"60":{"start":{"line":143,"column":41},"end":{"line":143,"column":null}},"61":{"start":{"line":145,"column":37},"end":{"line":145,"column":66}},"62":{"start":{"line":146,"column":47},"end":{"line":146,"column":null}},"63":{"start":{"line":147,"column":20},"end":{"line":159,"column":null}},"64":{"start":{"line":148,"column":24},"end":{"line":157,"column":null}},"65":{"start":{"line":158,"column":24},"end":{"line":158,"column":null}},"66":{"start":{"line":162,"column":31},"end":{"line":162,"column":null}},"67":{"start":{"line":163,"column":16},"end":{"line":172,"column":null}},"68":{"start":{"line":173,"column":16},"end":{"line":173,"column":null}},"69":{"start":{"line":176,"column":8},"end":{"line":179,"column":null}},"70":{"start":{"line":176,"column":33},"end":{"line":179,"column":13}},"71":{"start":{"line":181,"column":25},"end":{"line":211,"column":null}},"72":{"start":{"line":182,"column":25},"end":{"line":182,"column":44}},"73":{"start":{"line":183,"column":8},"end":{"line":183,"column":null}},"74":{"start":{"line":183,"column":23},"end":{"line":183,"column":null}},"75":{"start":{"line":184,"column":26},"end":{"line":184,"column":49}},"76":{"start":{"line":185,"column":33},"end":{"line":185,"column":null}},"77":{"start":{"line":186,"column":32},"end":{"line":186,"column":null}},"78":{"start":{"line":189,"column":8},"end":{"line":200,"column":null}},"79":{"start":{"line":191,"column":35},"end":{"line":191,"column":null}},"80":{"start":{"line":192,"column":28},"end":{"line":192,"column":null}},"81":{"start":{"line":193,"column":30},"end":{"line":193,"column":null}},"82":{"start":{"line":194,"column":12},"end":{"line":194,"column":null}},"83":{"start":{"line":195,"column":12},"end":{"line":195,"column":null}},"84":{"start":{"line":198,"column":12},"end":{"line":198,"column":null}},"85":{"start":{"line":199,"column":12},"end":{"line":199,"column":null}},"86":{"start":{"line":201,"column":8},"end":{"line":201,"column":null}},"87":{"start":{"line":202,"column":8},"end":{"line":205,"column":null}},"88":{"start":{"line":202,"column":33},"end":{"line":205,"column":13}},"89":{"start":{"line":207,"column":8},"end":{"line":210,"column":null}},"90":{"start":{"line":208,"column":12},"end":{"line":208,"column":null}},"91":{"start":{"line":209,"column":12},"end":{"line":209,"column":null}},"92":{"start":{"line":212,"column":26},"end":{"line":242,"column":null}},"93":{"start":{"line":213,"column":8},"end":{"line":213,"column":null}},"94":{"start":{"line":213,"column":34},"end":{"line":213,"column":null}},"95":{"start":{"line":214,"column":31},"end":{"line":217,"column":null}},"96":{"start":{"line":214,"column":85},"end":{"line":214,"column":111}},"97":{"start":{"line":214,"column":123},"end":{"line":214,"column":186}},"98":{"start":{"line":217,"column":22},"end":{"line":217,"column":null}},"99":{"start":{"line":218,"column":8},"end":{"line":241,"column":null}},"100":{"start":{"line":219,"column":12},"end":{"line":219,"column":null}},"101":{"start":{"line":220,"column":12},"end":{"line":223,"column":null}},"102":{"start":{"line":220,"column":37},"end":{"line":223,"column":17}},"103":{"start":{"line":224,"column":15},"end":{"line":241,"column":null}},"104":{"start":{"line":225,"column":12},"end":{"line":225,"column":null}},"105":{"start":{"line":226,"column":12},"end":{"line":229,"column":null}},"106":{"start":{"line":226,"column":37},"end":{"line":229,"column":17}},"107":{"start":{"line":230,"column":15},"end":{"line":241,"column":null}},"108":{"start":{"line":231,"column":12},"end":{"line":235,"column":null}},"109":{"start":{"line":232,"column":16},"end":{"line":232,"column":null}},"110":{"start":{"line":233,"column":33},"end":{"line":233,"column":75}},"111":{"start":{"line":234,"column":16},"end":{"line":234,"column":null}},"112":{"start":{"line":236,"column":15},"end":{"line":241,"column":null}},"113":{"start":{"line":237,"column":12},"end":{"line":240,"column":null}},"114":{"start":{"line":237,"column":37},"end":{"line":240,"column":17}},"115":{"start":{"line":243,"column":33},"end":{"line":248,"column":null}},"116":{"start":{"line":244,"column":25},"end":{"line":244,"column":null}},"117":{"start":{"line":244,"column":51},"end":{"line":244,"column":null}},"118":{"start":{"line":245,"column":8},"end":{"line":247,"column":null}},"119":{"start":{"line":246,"column":12},"end":{"line":246,"column":null}},"120":{"start":{"line":383,"column":33},"end":{"line":383,"column":null}},"121":{"start":{"line":384,"column":29},"end":{"line":384,"column":null}},"122":{"start":{"line":449,"column":36},"end":{"line":452,"column":null}},"123":{"start":{"line":449,"column":51},"end":{"line":452,"column":41}},"124":{"start":{"line":449,"column":76},"end":{"line":452,"column":37}},"125":{"start":{"line":467,"column":37},"end":{"line":470,"column":null}},"126":{"start":{"line":467,"column":62},"end":{"line":470,"column":33}},"127":{"start":{"line":517,"column":43},"end":{"line":517,"column":null}},"128":{"start":{"line":518,"column":45},"end":{"line":518,"column":60}},"129":{"start":{"line":519,"column":47},"end":{"line":519,"column":null}},"130":{"start":{"line":520,"column":54},"end":{"line":520,"column":null}},"131":{"start":{"line":520,"column":84},"end":{"line":520,"column":null}},"132":{"start":{"line":521,"column":56},"end":{"line":521,"column":null}},"133":{"start":{"line":522,"column":47},"end":{"line":522,"column":null}},"134":{"start":{"line":596,"column":83},"end":{"line":596,"column":null}},"135":{"start":{"line":597,"column":78},"end":{"line":597,"column":null}},"136":{"start":{"line":598,"column":64},"end":{"line":598,"column":null}},"137":{"start":{"line":614,"column":84},"end":{"line":614,"column":null}},"138":{"start":{"line":615,"column":72},"end":{"line":615,"column":null}},"139":{"start":{"line":617,"column":72},"end":{"line":623,"column":null}},"140":{"start":{"line":618,"column":76},"end":{"line":618,"column":null}},"141":{"start":{"line":619,"column":79},"end":{"line":623,"column":null}},"142":{"start":{"line":620,"column":76},"end":{"line":620,"column":null}},"143":{"start":{"line":622,"column":76},"end":{"line":622,"column":null}},"144":{"start":{"line":624,"column":86},"end":{"line":624,"column":null}},"145":{"start":{"line":625,"column":72},"end":{"line":625,"column":null}},"146":{"start":{"line":638,"column":84},"end":{"line":638,"column":null}},"147":{"start":{"line":639,"column":72},"end":{"line":639,"column":null}},"148":{"start":{"line":641,"column":72},"end":{"line":647,"column":null}},"149":{"start":{"line":642,"column":76},"end":{"line":642,"column":null}},"150":{"start":{"line":643,"column":79},"end":{"line":647,"column":null}},"151":{"start":{"line":644,"column":76},"end":{"line":644,"column":null}},"152":{"start":{"line":646,"column":76},"end":{"line":646,"column":null}},"153":{"start":{"line":648,"column":86},"end":{"line":648,"column":null}},"154":{"start":{"line":649,"column":72},"end":{"line":649,"column":null}},"155":{"start":{"line":668,"column":76},"end":{"line":668,"column":null}},"156":{"start":{"line":669,"column":64},"end":{"line":669,"column":null}},"157":{"start":{"line":670,"column":83},"end":{"line":670,"column":null}},"158":{"start":{"line":671,"column":78},"end":{"line":671,"column":null}},"159":{"start":{"line":672,"column":64},"end":{"line":672,"column":null}}},"fnMap":{"0":{"name":"JsonEditor","decl":{"start":{"line":44,"column":16},"end":{"line":44,"column":27}},"loc":{"start":{"line":44,"column":93},"end":{"line":721,"column":null}}},"1":{"name":"(anonymous_1)","decl":{"start":{"line":61,"column":35},"end":{"line":61,"column":36}},"loc":{"start":{"line":61,"column":36},"end":{"line":72,"column":7}}},"2":{"name":"(anonymous_2)","decl":{"start":{"line":66,"column":28},"end":{"line":66,"column":29}},"loc":{"start":{"line":66,"column":29},"end":{"line":69,"column":null}}},"3":{"name":"(anonymous_3)","decl":{"start":{"line":75,"column":41},"end":{"line":75,"column":42}},"loc":{"start":{"line":75,"column":42},"end":{"line":85,"column":7}}},"4":{"name":"(anonymous_4)","decl":{"start":{"line":79,"column":28},"end":{"line":79,"column":29}},"loc":{"start":{"line":79,"column":29},"end":{"line":82,"column":null}}},"5":{"name":"(anonymous_5)","decl":{"start":{"line":88,"column":39},"end":{"line":88,"column":null}},"loc":{"start":{"line":88,"column":39},"end":{"line":103,"column":7}}},"6":{"name":"(anonymous_6)","decl":{"start":{"line":106,"column":32},"end":{"line":106,"column":null}},"loc":{"start":{"line":106,"column":32},"end":{"line":126,"column":null}}},"7":{"name":"(anonymous_7)","decl":{"start":{"line":127,"column":25},"end":{"line":127,"column":26}},"loc":{"start":{"line":127,"column":26},"end":{"line":180,"column":null}}},"8":{"name":"(anonymous_8)","decl":{"start":{"line":176,"column":24},"end":{"line":176,"column":25}},"loc":{"start":{"line":176,"column":33},"end":{"line":179,"column":13}}},"9":{"name":"(anonymous_9)","decl":{"start":{"line":181,"column":25},"end":{"line":181,"column":26}},"loc":{"start":{"line":181,"column":26},"end":{"line":211,"column":null}}},"10":{"name":"(anonymous_10)","decl":{"start":{"line":202,"column":24},"end":{"line":202,"column":25}},"loc":{"start":{"line":202,"column":33},"end":{"line":205,"column":13}}},"11":{"name":"(anonymous_11)","decl":{"start":{"line":207,"column":19},"end":{"line":207,"column":null}},"loc":{"start":{"line":207,"column":19},"end":{"line":210,"column":11}}},"12":{"name":"(anonymous_12)","decl":{"start":{"line":212,"column":26},"end":{"line":212,"column":27}},"loc":{"start":{"line":212,"column":27},"end":{"line":242,"column":null}}},"13":{"name":"(anonymous_13)","decl":{"start":{"line":214,"column":80},"end":{"line":214,"column":81}},"loc":{"start":{"line":214,"column":85},"end":{"line":214,"column":111}}},"14":{"name":"(anonymous_14)","decl":{"start":{"line":214,"column":118},"end":{"line":214,"column":119}},"loc":{"start":{"line":214,"column":123},"end":{"line":214,"column":186}}},"15":{"name":"(anonymous_15)","decl":{"start":{"line":217,"column":17},"end":{"line":217,"column":18}},"loc":{"start":{"line":217,"column":22},"end":{"line":217,"column":null}}},"16":{"name":"(anonymous_16)","decl":{"start":{"line":220,"column":28},"end":{"line":220,"column":29}},"loc":{"start":{"line":220,"column":37},"end":{"line":223,"column":17}}},"17":{"name":"(anonymous_17)","decl":{"start":{"line":226,"column":28},"end":{"line":226,"column":29}},"loc":{"start":{"line":226,"column":37},"end":{"line":229,"column":17}}},"18":{"name":"(anonymous_18)","decl":{"start":{"line":237,"column":28},"end":{"line":237,"column":29}},"loc":{"start":{"line":237,"column":37},"end":{"line":240,"column":17}}},"19":{"name":"(anonymous_19)","decl":{"start":{"line":243,"column":33},"end":{"line":243,"column":34}},"loc":{"start":{"line":243,"column":34},"end":{"line":248,"column":null}}},"20":{"name":"(anonymous_20)","decl":{"start":{"line":244,"column":46},"end":{"line":244,"column":47}},"loc":{"start":{"line":244,"column":51},"end":{"line":244,"column":null}}},"21":{"name":"(anonymous_22)","decl":{"start":{"line":383,"column":28},"end":{"line":383,"column":29}},"loc":{"start":{"line":383,"column":33},"end":{"line":383,"column":null}}},"22":{"name":"(anonymous_23)","decl":{"start":{"line":384,"column":25},"end":{"line":384,"column":29}},"loc":{"start":{"line":384,"column":29},"end":{"line":384,"column":null}}},"23":{"name":"(anonymous_25)","decl":{"start":{"line":449,"column":32},"end":{"line":449,"column":36}},"loc":{"start":{"line":449,"column":36},"end":{"line":452,"column":null}}},"24":{"name":"(anonymous_26)","decl":{"start":{"line":449,"column":47},"end":{"line":449,"column":51}},"loc":{"start":{"line":449,"column":51},"end":{"line":452,"column":41}}},"25":{"name":"(anonymous_27)","decl":{"start":{"line":449,"column":67},"end":{"line":449,"column":68}},"loc":{"start":{"line":449,"column":76},"end":{"line":452,"column":37}}},"26":{"name":"(anonymous_28)","decl":{"start":{"line":467,"column":33},"end":{"line":467,"column":37}},"loc":{"start":{"line":467,"column":37},"end":{"line":470,"column":null}}},"27":{"name":"(anonymous_29)","decl":{"start":{"line":467,"column":53},"end":{"line":467,"column":54}},"loc":{"start":{"line":467,"column":62},"end":{"line":470,"column":33}}},"28":{"name":"(anonymous_30)","decl":{"start":{"line":516,"column":51},"end":{"line":516,"column":52}},"loc":{"start":{"line":516,"column":52},"end":{"line":703,"column":null}}},"29":{"name":"(anonymous_31)","decl":{"start":{"line":520,"column":78},"end":{"line":520,"column":79}},"loc":{"start":{"line":520,"column":84},"end":{"line":520,"column":null}}},"30":{"name":"(anonymous_32)","decl":{"start":{"line":595,"column":69},"end":{"line":595,"column":null}},"loc":{"start":{"line":595,"column":69},"end":{"line":599,"column":null}}},"31":{"name":"(anonymous_33)","decl":{"start":{"line":613,"column":77},"end":{"line":613,"column":null}},"loc":{"start":{"line":613,"column":77},"end":{"line":626,"column":null}}},"32":{"name":"(anonymous_34)","decl":{"start":{"line":637,"column":77},"end":{"line":637,"column":null}},"loc":{"start":{"line":637,"column":77},"end":{"line":650,"column":null}}},"33":{"name":"(anonymous_35)","decl":{"start":{"line":667,"column":69},"end":{"line":667,"column":null}},"loc":{"start":{"line":667,"column":69},"end":{"line":673,"column":null}}}},"branchMap":{"0":{"loc":{"start":{"line":44,"column":76},"end":{"line":44,"column":91}},"type":"default-arg","locations":[{"start":{"line":44,"column":89},"end":{"line":44,"column":91}}]},"1":{"loc":{"start":{"line":64,"column":8},"end":{"line":71,"column":null}},"type":"if","locations":[{"start":{"line":64,"column":8},"end":{"line":71,"column":null}},{"start":{},"end":{}}]},"2":{"loc":{"start":{"line":64,"column":12},"end":{"line":64,"column":54}},"type":"binary-expr","locations":[{"start":{"line":64,"column":12},"end":{"line":64,"column":20}},{"start":{"line":64,"column":20},"end":{"line":64,"column":54}}]},"3":{"loc":{"start":{"line":77,"column":8},"end":{"line":84,"column":null}},"type":"if","locations":[{"start":{"line":77,"column":8},"end":{"line":84,"column":null}},{"start":{},"end":{}}]},"4":{"loc":{"start":{"line":89,"column":8},"end":{"line":89,"column":null}},"type":"if","locations":[{"start":{"line":89,"column":8},"end":{"line":89,"column":null}},{"start":{},"end":{}}]},"5":{"loc":{"start":{"line":108,"column":8},"end":{"line":111,"column":null}},"type":"if","locations":[{"start":{"line":108,"column":8},"end":{"line":111,"column":null}},{"start":{},"end":{}}]},"6":{"loc":{"start":{"line":134,"column":8},"end":{"line":175,"column":null}},"type":"if","locations":[{"start":{"line":134,"column":8},"end":{"line":175,"column":null}},{"start":{},"end":{}}]},"7":{"loc":{"start":{"line":137,"column":12},"end":{"line":174,"column":null}},"type":"if","locations":[{"start":{"line":137,"column":12},"end":{"line":174,"column":null}},{"start":{},"end":{}}]},"8":{"loc":{"start":{"line":137,"column":16},"end":{"line":137,"column":82}},"type":"binary-expr","locations":[{"start":{"line":137,"column":16},"end":{"line":137,"column":50}},{"start":{"line":137,"column":50},"end":{"line":137,"column":82}}]},"9":{"loc":{"start":{"line":140,"column":16},"end":{"line":160,"column":null}},"type":"if","locations":[{"start":{"line":140,"column":16},"end":{"line":160,"column":null}},{"start":{},"end":{}}]},"10":{"loc":{"start":{"line":146,"column":47},"end":{"line":146,"column":null}},"type":"binary-expr","locations":[{"start":{"line":146,"column":47},"end":{"line":146,"column":92}},{"start":{"line":146,"column":92},"end":{"line":146,"column":null}}]},"11":{"loc":{"start":{"line":147,"column":20},"end":{"line":159,"column":null}},"type":"if","locations":[{"start":{"line":147,"column":20},"end":{"line":159,"column":null}},{"start":{},"end":{}}]},"12":{"loc":{"start":{"line":183,"column":8},"end":{"line":183,"column":null}},"type":"if","locations":[{"start":{"line":183,"column":8},"end":{"line":183,"column":null}},{"start":{},"end":{}}]},"13":{"loc":{"start":{"line":189,"column":8},"end":{"line":200,"column":null}},"type":"if","locations":[{"start":{"line":189,"column":8},"end":{"line":200,"column":null}},{"start":{"line":196,"column":15},"end":{"line":200,"column":null}}]},"14":{"loc":{"start":{"line":213,"column":8},"end":{"line":213,"column":null}},"type":"if","locations":[{"start":{"line":213,"column":8},"end":{"line":213,"column":null}},{"start":{},"end":{}}]},"15":{"loc":{"start":{"line":214,"column":31},"end":{"line":217,"column":null}},"type":"cond-expr","locations":[{"start":{"line":214,"column":59},"end":{"line":214,"column":186}},{"start":{"line":214,"column":186},"end":{"line":217,"column":null}}]},"16":{"loc":{"start":{"line":218,"column":8},"end":{"line":241,"column":null}},"type":"if","locations":[{"start":{"line":218,"column":8},"end":{"line":241,"column":null}},{"start":{"line":224,"column":15},"end":{"line":241,"column":null}}]},"17":{"loc":{"start":{"line":224,"column":15},"end":{"line":241,"column":null}},"type":"if","locations":[{"start":{"line":224,"column":15},"end":{"line":241,"column":null}},{"start":{"line":230,"column":15},"end":{"line":241,"column":null}}]},"18":{"loc":{"start":{"line":230,"column":15},"end":{"line":241,"column":null}},"type":"if","locations":[{"start":{"line":230,"column":15},"end":{"line":241,"column":null}},{"start":{"line":236,"column":15},"end":{"line":241,"column":null}}]},"19":{"loc":{"start":{"line":230,"column":19},"end":{"line":230,"column":57}},"type":"binary-expr","locations":[{"start":{"line":230,"column":19},"end":{"line":230,"column":40}},{"start":{"line":230,"column":40},"end":{"line":230,"column":57}}]},"20":{"loc":{"start":{"line":231,"column":12},"end":{"line":235,"column":null}},"type":"if","locations":[{"start":{"line":231,"column":12},"end":{"line":235,"column":null}},{"start":{},"end":{}}]},"21":{"loc":{"start":{"line":234,"column":29},"end":{"line":234,"column":null}},"type":"cond-expr","locations":[{"start":{"line":234,"column":57},"end":{"line":234,"column":72}},{"start":{"line":234,"column":75},"end":{"line":234,"column":null}}]},"22":{"loc":{"start":{"line":236,"column":15},"end":{"line":241,"column":null}},"type":"if","locations":[{"start":{"line":236,"column":15},"end":{"line":241,"column":null}},{"start":{},"end":{}}]},"23":{"loc":{"start":{"line":245,"column":8},"end":{"line":247,"column":null}},"type":"if","locations":[{"start":{"line":245,"column":8},"end":{"line":247,"column":null}},{"start":{},"end":{}}]},"24":{"loc":{"start":{"line":324,"column":28},"end":{"line":324,"column":51}},"type":"binary-expr","locations":[{"start":{"line":324,"column":28},"end":{"line":324,"column":51}}]},"25":{"loc":{"start":{"line":344,"column":107},"end":{"line":344,"column":null}},"type":"cond-expr","locations":[{"start":{"line":344,"column":117},"end":{"line":344,"column":156}},{"start":{"line":344,"column":156},"end":{"line":344,"column":null}}]},"26":{"loc":{"start":{"line":346,"column":68},"end":{"line":352,"column":77}},"type":"cond-expr","locations":[{"start":{"line":346,"column":68},"end":{"line":352,"column":77}}]},"27":{"loc":{"start":{"line":359,"column":44},"end":{"line":359,"column":null}},"type":"cond-expr","locations":[{"start":{"line":359,"column":54},"end":{"line":359,"column":69}},{"start":{"line":359,"column":69},"end":{"line":359,"column":null}}]},"28":{"loc":{"start":{"line":424,"column":123},"end":{"line":431,"column":61}},"type":"cond-expr","locations":[{"start":{"line":424,"column":123},"end":{"line":431,"column":61}}]},"29":{"loc":{"start":{"line":486,"column":12},"end":{"line":486,"column":35}},"type":"binary-expr","locations":[{"start":{"line":486,"column":12},"end":{"line":486,"column":35}}]},"30":{"loc":{"start":{"line":503,"column":12},"end":{"line":503,"column":53}},"type":"binary-expr","locations":[{"start":{"line":503,"column":12},"end":{"line":503,"column":53}}]},"31":{"loc":{"start":{"line":524,"column":80},"end":{"line":524,"column":null}},"type":"binary-expr","locations":[{"start":{"line":524,"column":80},"end":{"line":524,"column":103}},{"start":{"line":524,"column":103},"end":{"line":524,"column":null}}]},"32":{"loc":{"start":{"line":527,"column":36},"end":{"line":527,"column":73}},"type":"binary-expr","locations":[{"start":{"line":527,"column":36},"end":{"line":527,"column":73}}]},"33":{"loc":{"start":{"line":535,"column":36},"end":{"line":535,"column":64}},"type":"binary-expr","locations":[{"start":{"line":535,"column":36},"end":{"line":535,"column":64}}]},"34":{"loc":{"start":{"line":546,"column":36},"end":{"line":546,"column":50}},"type":"binary-expr","locations":[{"start":{"line":546,"column":36},"end":{"line":546,"column":50}},{"start":{"line":546,"column":50},"end":{"line":546,"column":71}},{"start":{"line":546,"column":71},"end":{"line":546,"column":100}}]},"35":{"loc":{"start":{"line":606,"column":57},"end":{"line":606,"column":84}},"type":"binary-expr","locations":[{"start":{"line":606,"column":57},"end":{"line":606,"column":84}},{"start":{"line":606,"column":84},"end":{"line":606,"column":107}},{"start":{"line":606,"column":107},"end":{"line":606,"column":124}}]},"36":{"loc":{"start":{"line":617,"column":72},"end":{"line":623,"column":null}},"type":"if","locations":[{"start":{"line":617,"column":72},"end":{"line":623,"column":null}},{"start":{"line":619,"column":79},"end":{"line":623,"column":null}}]},"37":{"loc":{"start":{"line":619,"column":79},"end":{"line":623,"column":null}},"type":"if","locations":[{"start":{"line":619,"column":79},"end":{"line":623,"column":null}},{"start":{"line":621,"column":79},"end":{"line":623,"column":null}}]},"38":{"loc":{"start":{"line":641,"column":72},"end":{"line":647,"column":null}},"type":"if","locations":[{"start":{"line":641,"column":72},"end":{"line":647,"column":null}},{"start":{"line":643,"column":79},"end":{"line":647,"column":null}}]},"39":{"loc":{"start":{"line":643,"column":79},"end":{"line":647,"column":null}},"type":"if","locations":[{"start":{"line":643,"column":79},"end":{"line":647,"column":null}},{"start":{"line":645,"column":79},"end":{"line":647,"column":null}}]},"40":{"loc":{"start":{"line":663,"column":56},"end":{"line":663,"column":93}},"type":"binary-expr","locations":[{"start":{"line":663,"column":56},"end":{"line":663,"column":93}}]}},"s":{"0":0,"1":0,"2":0,"3":0,"4":0,"5":0,"6":0,"7":0,"8":0,"9":0,"10":0,"11":0,"12":0,"13":0,"14":0,"15":0,"16":0,"17":0,"18":0,"19":0,"20":0,"21":0,"22":0,"23":0,"24":0,"25":0,"26":0,"27":0,"28":0,"29":0,"30":0,"31":0,"32":0,"33":0,"34":0,"35":0,"36":0,"37":0,"38":0,"39":0,"40":0,"41":0,"42":0,"43":0,"44":0,"45":0,"46":0,"47":0,"48":0,"49":0,"50":0,"51":0,"52":0,"53":0,"54":0,"55":0,"56":0,"57":0,"58":0,"59":0,"60":0,"61":0,"62":0,"63":0,"64":0,"65":0,"66":0,"67":0,"68":0,"69":0,"70":0,"71":0,"72":0,"73":0,"74":0,"75":0,"76":0,"77":0,"78":0,"79":0,"80":0,"81":0,"82":0,"83":0,"84":0,"85":0,"86":0,"87":0,"88":0,"89":0,"90":0,"91":0,"92":0,"93":0,"94":0,"95":0,"96":0,"97":0,"98":0,"99":0,"100":0,"101":0,"102":0,"103":0,"104":0,"105":0,"106":0,"107":0,"108":0,"109":0,"110":0,"111":0,"112":0,"113":0,"114":0,"115":0,"116":0,"117":0,"118":0,"119":0,"120":0,"121":0,"122":0,"123":0,"124":0,"125":0,"126":0,"127":0,"128":0,"129":0,"130":0,"131":0,"132":0,"133":0,"134":0,"135":0,"136":0,"137":0,"138":0,"139":0,"140":0,"141":0,"142":0,"143":0,"144":0,"145":0,"146":0,"147":0,"148":0,"149":0,"150":0,"151":0,"152":0,"153":0,"154":0,"155":0,"156":0,"157":0,"158":0,"159":0},"f":{"0":0,"1":0,"2":0,"3":0,"4":0,"5":0,"6":0,"7":0,"8":0,"9":0,"10":0,"11":0,"12":0,"13":0,"14":0,"15":0,"16":0,"17":0,"18":0,"19":0,"20":0,"21":0,"22":0,"23":0,"24":0,"25":0,"26":0,"27":0,"28":0,"29":0,"30":0,"31":0,"32":0,"33":0},"b":{"0":[0],"1":[0,0],"2":[0,0],"3":[0,0],"4":[0,0],"5":[0,0],"6":[0,0],"7":[0,0],"8":[0,0],"9":[0,0],"10":[0,0],"11":[0,0],"12":[0,0],"13":[0,0],"14":[0,0],"15":[0,0],"16":[0,0],"17":[0,0],"18":[0,0],"19":[0,0],"20":[0,0],"21":[0,0],"22":[0,0],"23":[0,0],"24":[0],"25":[0,0],"26":[0],"27":[0,0],"28":[0],"29":[0],"30":[0],"31":[0,0],"32":[0],"33":[0],"34":[0,0,0],"35":[0,0,0],"36":[0,0],"37":[0,0],"38":[0,0],"39":[0,0],"40":[0]}}
,"C:/Users/russe/dev/json-mail-merge/src/components/MergeResults.tsx": {"path":"C:/Users/russe/dev/json-mail-merge/src/components/MergeResults.tsx","statementMap":{"0":{"start":{"line":7,"column":46},"end":{"line":7,"column":null}},"1":{"start":{"line":8,"column":42},"end":{"line":8,"column":null}},"2":{"start":{"line":9,"column":28},"end":{"line":13,"column":null}},"3":{"start":{"line":10,"column":8},"end":{"line":10,"column":null}},"4":{"start":{"line":11,"column":8},"end":{"line":11,"column":null}},"5":{"start":{"line":12,"column":8},"end":{"line":12,"column":null}},"6":{"start":{"line":12,"column":23},"end":{"line":12,"column":45}},"7":{"start":{"line":14,"column":27},"end":{"line":26,"column":null}},"8":{"start":{"line":15,"column":21},"end":{"line":19,"column":null}},"9":{"start":{"line":20,"column":20},"end":{"line":20,"column":null}},"10":{"start":{"line":21,"column":18},"end":{"line":21,"column":null}},"11":{"start":{"line":22,"column":8},"end":{"line":22,"column":null}},"12":{"start":{"line":23,"column":8},"end":{"line":23,"column":null}},"13":{"start":{"line":24,"column":8},"end":{"line":24,"column":null}},"14":{"start":{"line":25,"column":8},"end":{"line":25,"column":null}},"15":{"start":{"line":27,"column":24},"end":{"line":43,"column":null}},"16":{"start":{"line":28,"column":25},"end":{"line":31,"column":null}},"17":{"start":{"line":28,"column":46},"end":{"line":31,"column":13}},"18":{"start":{"line":32,"column":21},"end":{"line":36,"column":null}},"19":{"start":{"line":37,"column":20},"end":{"line":37,"column":null}},"20":{"start":{"line":38,"column":18},"end":{"line":38,"column":null}},"21":{"start":{"line":39,"column":8},"end":{"line":39,"column":null}},"22":{"start":{"line":40,"column":8},"end":{"line":40,"column":null}},"23":{"start":{"line":41,"column":8},"end":{"line":41,"column":null}},"24":{"start":{"line":42,"column":8},"end":{"line":42,"column":null}},"25":{"start":{"line":44,"column":26},"end":{"line":49,"column":null}},"26":{"start":{"line":45,"column":24},"end":{"line":45,"column":null}},"27":{"start":{"line":46,"column":8},"end":{"line":46,"column":null}},"28":{"start":{"line":46,"column":34},"end":{"line":46,"column":null}},"29":{"start":{"line":47,"column":22},"end":{"line":47,"column":32}},"30":{"start":{"line":48,"column":8},"end":{"line":48,"column":null}},"31":{"start":{"line":118,"column":45},"end":{"line":118,"column":null}},"32":{"start":{"line":170,"column":52},"end":{"line":170,"column":null}},"33":{"start":{"line":171,"column":52},"end":{"line":171,"column":null}},"34":{"start":{"line":196,"column":52},"end":{"line":196,"column":null}},"35":{"start":{"line":197,"column":52},"end":{"line":197,"column":null}}},"fnMap":{"0":{"name":"MergeResults","decl":{"start":{"line":6,"column":16},"end":{"line":6,"column":29}},"loc":{"start":{"line":6,"column":49},"end":{"line":261,"column":null}}},"1":{"name":"(anonymous_1)","decl":{"start":{"line":9,"column":28},"end":{"line":9,"column":35}},"loc":{"start":{"line":9,"column":41},"end":{"line":13,"column":null}}},"2":{"name":"(anonymous_2)","decl":{"start":{"line":12,"column":19},"end":{"line":12,"column":23}},"loc":{"start":{"line":12,"column":23},"end":{"line":12,"column":45}}},"3":{"name":"(anonymous_3)","decl":{"start":{"line":14,"column":27},"end":{"line":14,"column":28}},"loc":{"start":{"line":14,"column":37},"end":{"line":26,"column":null}}},"4":{"name":"(anonymous_4)","decl":{"start":{"line":27,"column":24},"end":{"line":27,"column":null}},"loc":{"start":{"line":27,"column":24},"end":{"line":43,"column":null}}},"5":{"name":"(anonymous_5)","decl":{"start":{"line":28,"column":37},"end":{"line":28,"column":38}},"loc":{"start":{"line":28,"column":46},"end":{"line":31,"column":13}}},"6":{"name":"(anonymous_6)","decl":{"start":{"line":44,"column":26},"end":{"line":44,"column":27}},"loc":{"start":{"line":44,"column":27},"end":{"line":49,"column":null}}},"7":{"name":"(anonymous_8)","decl":{"start":{"line":118,"column":41},"end":{"line":118,"column":45}},"loc":{"start":{"line":118,"column":45},"end":{"line":118,"column":null}}},"8":{"name":"(anonymous_9)","decl":{"start":{"line":169,"column":57},"end":{"line":169,"column":58}},"loc":{"start":{"line":169,"column":58},"end":{"line":172,"column":null}}},"9":{"name":"(anonymous_10)","decl":{"start":{"line":195,"column":57},"end":{"line":195,"column":58}},"loc":{"start":{"line":195,"column":58},"end":{"line":198,"column":null}}}},"branchMap":{"0":{"loc":{"start":{"line":46,"column":8},"end":{"line":46,"column":null}},"type":"if","locations":[{"start":{"line":46,"column":8},"end":{"line":46,"column":null}},{"start":{},"end":{}}]},"1":{"loc":{"start":{"line":118,"column":62},"end":{"line":118,"column":null}},"type":"cond-expr","locations":[{"start":{"line":118,"column":88},"end":{"line":118,"column":95}},{"start":{"line":118,"column":95},"end":{"line":118,"column":null}}]},"2":{"loc":{"start":{"line":124,"column":84},"end":{"line":130,"column":77}},"type":"cond-expr","locations":[{"start":{"line":124,"column":84},"end":{"line":130,"column":77}}]},"3":{"loc":{"start":{"line":173,"column":96},"end":{"line":179,"column":81}},"type":"cond-expr","locations":[{"start":{"line":173,"column":96},"end":{"line":179,"column":81}}]},"4":{"loc":{"start":{"line":224,"column":93},"end":{"line":224,"column":null}},"type":"cond-expr","locations":[{"start":{"line":224,"column":119},"end":{"line":224,"column":137}},{"start":{"line":224,"column":137},"end":{"line":224,"column":null}}]}},"s":{"0":0,"1":0,"2":0,"3":0,"4":0,"5":0,"6":0,"7":0,"8":0,"9":0,"10":0,"11":0,"12":0,"13":0,"14":0,"15":0,"16":0,"17":0,"18":0,"19":0,"20":0,"21":0,"22":0,"23":0,"24":0,"25":0,"26":0,"27":0,"28":0,"29":0,"30":0,"31":0,"32":0,"33":0,"34":0,"35":0},"f":{"0":0,"1":0,"2":0,"3":0,"4":0,"5":0,"6":0,"7":0,"8":0,"9":0},"b":{"0":[0,0],"1":[0,0],"2":[0],"3":[0],"4":[0,0]}}
,"C:/Users/russe/dev/json-mail-merge/src/components/PlaceholderAutocomplete.tsx": {"path":"C:/Users/russe/dev/json-mail-merge/src/components/PlaceholderAutocomplete.tsx","statementMap":{"0":{"start":{"line":6,"column":20},"end":{"line":6,"column":null}},"1":{"start":{"line":7,"column":27},"end":{"line":11,"column":null}},"2":{"start":{"line":7,"column":39},"end":{"line":7,"column":101}},"3":{"start":{"line":12,"column":32},"end":{"line":15,"column":null}},"4":{"start":{"line":12,"column":44},"end":{"line":12,"column":87}},"5":{"start":{"line":16,"column":4},"end":{"line":26,"column":null}},"6":{"start":{"line":17,"column":8},"end":{"line":22,"column":null}},"7":{"start":{"line":18,"column":29},"end":{"line":18,"column":null}},"8":{"start":{"line":19,"column":12},"end":{"line":21,"column":null}},"9":{"start":{"line":27,"column":4},"end":{"line":27,"column":null}},"10":{"start":{"line":27,"column":53},"end":{"line":27,"column":null}},"11":{"start":{"line":59,"column":37},"end":{"line":59,"column":null}},"12":{"start":{"line":60,"column":42},"end":{"line":60,"column":null}}},"fnMap":{"0":{"name":"PlaceholderAutocomplete","decl":{"start":{"line":5,"column":16},"end":{"line":5,"column":40}},"loc":{"start":{"line":5,"column":184},"end":{"line":136,"column":null}}},"1":{"name":"(anonymous_1)","decl":{"start":{"line":7,"column":35},"end":{"line":7,"column":39}},"loc":{"start":{"line":7,"column":39},"end":{"line":7,"column":101}}},"2":{"name":"(anonymous_2)","decl":{"start":{"line":12,"column":40},"end":{"line":12,"column":44}},"loc":{"start":{"line":12,"column":44},"end":{"line":12,"column":87}}},"3":{"name":"(anonymous_3)","decl":{"start":{"line":16,"column":14},"end":{"line":16,"column":null}},"loc":{"start":{"line":16,"column":14},"end":{"line":23,"column":7}}},"4":{"name":"(anonymous_5)","decl":{"start":{"line":59,"column":33},"end":{"line":59,"column":37}},"loc":{"start":{"line":59,"column":37},"end":{"line":59,"column":null}}},"5":{"name":"(anonymous_6)","decl":{"start":{"line":60,"column":37},"end":{"line":60,"column":38}},"loc":{"start":{"line":60,"column":42},"end":{"line":60,"column":null}}}},"branchMap":{"0":{"loc":{"start":{"line":5,"column":114},"end":{"line":5,"column":134}},"type":"default-arg","locations":[{"start":{"line":5,"column":129},"end":{"line":5,"column":134}}]},"1":{"loc":{"start":{"line":5,"column":136},"end":{"line":5,"column":159}},"type":"default-arg","locations":[{"start":{"line":5,"column":157},"end":{"line":5,"column":159}}]},"2":{"loc":{"start":{"line":5,"column":161},"end":{"line":5,"column":182}},"type":"default-arg","locations":[{"start":{"line":5,"column":177},"end":{"line":5,"column":182}}]},"3":{"loc":{"start":{"line":17,"column":8},"end":{"line":22,"column":null}},"type":"if","locations":[{"start":{"line":17,"column":8},"end":{"line":22,"column":null}},{"start":{},"end":{}}]},"4":{"loc":{"start":{"line":17,"column":12},"end":{"line":17,"column":37}},"type":"binary-expr","locations":[{"start":{"line":17,"column":12},"end":{"line":17,"column":22}},{"start":{"line":17,"column":22},"end":{"line":17,"column":37}}]},"5":{"loc":{"start":{"line":27,"column":4},"end":{"line":27,"column":null}},"type":"if","locations":[{"start":{"line":27,"column":4},"end":{"line":27,"column":null}},{"start":{},"end":{}}]},"6":{"loc":{"start":{"line":27,"column":8},"end":{"line":27,"column":53}},"type":"binary-expr","locations":[{"start":{"line":27,"column":8},"end":{"line":27,"column":19}},{"start":{"line":27,"column":19},"end":{"line":27,"column":53}}]},"7":{"loc":{"start":{"line":36,"column":12},"end":{"line":36,"column":42}},"type":"binary-expr","locations":[{"start":{"line":36,"column":12},"end":{"line":36,"column":42}}]},"8":{"loc":{"start":{"line":58,"column":142},"end":{"line":58,"column":null}},"type":"cond-expr","locations":[{"start":{"line":58,"column":168},"end":{"line":58,"column":207}},{"start":{"line":58,"column":207},"end":{"line":58,"column":null}}]},"9":{"loc":{"start":{"line":59,"column":46},"end":{"line":59,"column":108}},"type":"cond-expr","locations":[{"start":{"line":59,"column":68},"end":{"line":59,"column":90}},{"start":{"line":59,"column":93},"end":{"line":59,"column":108}}]},"10":{"loc":{"start":{"line":67,"column":50},"end":{"line":67,"column":134}},"type":"cond-expr","locations":[{"start":{"line":67,"column":72},"end":{"line":67,"column":100}},{"start":{"line":67,"column":103},"end":{"line":67,"column":134}}]},"11":{"loc":{"start":{"line":74,"column":65},"end":{"line":74,"column":null}},"type":"cond-expr","locations":[{"start":{"line":74,"column":91},"end":{"line":74,"column":122}},{"start":{"line":74,"column":122},"end":{"line":74,"column":null}}]},"12":{"loc":{"start":{"line":87,"column":28},"end":{"line":87,"column":47}},"type":"binary-expr","locations":[{"start":{"line":87,"column":28},"end":{"line":87,"column":47}}]},"13":{"loc":{"start":{"line":88,"column":107},"end":{"line":88,"column":null}},"type":"cond-expr","locations":[{"start":{"line":88,"column":133},"end":{"line":88,"column":186}},{"start":{"line":88,"column":186},"end":{"line":88,"column":null}}]},"14":{"loc":{"start":{"line":95,"column":28},"end":{"line":95,"column":50}},"type":"binary-expr","locations":[{"start":{"line":95,"column":28},"end":{"line":95,"column":50}}]},"15":{"loc":{"start":{"line":96,"column":107},"end":{"line":96,"column":null}},"type":"cond-expr","locations":[{"start":{"line":96,"column":133},"end":{"line":96,"column":186}},{"start":{"line":96,"column":186},"end":{"line":96,"column":null}}]},"16":{"loc":{"start":{"line":103,"column":28},"end":{"line":103,"column":47}},"type":"binary-expr","locations":[{"start":{"line":103,"column":28},"end":{"line":103,"column":47}}]},"17":{"loc":{"start":{"line":104,"column":107},"end":{"line":104,"column":null}},"type":"cond-expr","locations":[{"start":{"line":104,"column":133},"end":{"line":104,"column":186}},{"start":{"line":104,"column":186},"end":{"line":104,"column":null}}]},"18":{"loc":{"start":{"line":111,"column":28},"end":{"line":111,"column":49}},"type":"binary-expr","locations":[{"start":{"line":111,"column":28},"end":{"line":111,"column":49}}]},"19":{"loc":{"start":{"line":112,"column":107},"end":{"line":112,"column":null}},"type":"cond-expr","locations":[{"start":{"line":112,"column":133},"end":{"line":112,"column":186}},{"start":{"line":112,"column":186},"end":{"line":112,"column":null}}]}},"s":{"0":0,"1":0,"2":0,"3":0,"4":0,"5":0,"6":0,"7":0,"8":0,"9":0,"10":0,"11":0,"12":0},"f":{"0":0,"1":0,"2":0,"3":0,"4":0,"5":0},"b":{"0":[0],"1":[0],"2":[0],"3":[0,0],"4":[0,0],"5":[0,0],"6":[0,0],"7":[0],"8":[0,0],"9":[0,0],"10":[0,0],"11":[0,0],"12":[0],"13":[0,0],"14":[0],"15":[0,0],"16":[0],"17":[0,0],"18":[0],"19":[0,0]}}
,"C:/Users/russe/dev/json-mail-merge/src/components/PlaceholderHelpModal.tsx": {"path":"C:/Users/russe/dev/json-mail-merge/src/components/PlaceholderHelpModal.tsx","statementMap":{},"fnMap":{"0":{"name":"PlaceholderHelpModal","decl":{"start":{"line":9,"column":16},"end":{"line":9,"column":null}},"loc":{"start":{"line":9,"column":16},"end":{"line":681,"column":null}}}},"branchMap":{},"s":{},"f":{"0":0},"b":{}}
,"C:/Users/russe/dev/json-mail-merge/src/components/RowInputPrompt.tsx": {"path":"C:/Users/russe/dev/json-mail-merge/src/components/RowInputPrompt.tsx","statementMap":{"0":{"start":{"line":8,"column":30},"end":{"line":16,"column":null}},"1":{"start":{"line":9,"column":8},"end":{"line":15,"column":null}},"2":{"start":{"line":17,"column":26},"end":{"line":20,"column":null}},"3":{"start":{"line":18,"column":21},"end":{"line":18,"column":null}},"4":{"start":{"line":19,"column":8},"end":{"line":19,"column":null}},"5":{"start":{"line":19,"column":29},"end":{"line":19,"column":35}},"6":{"start":{"line":21,"column":26},"end":{"line":23,"column":null}},"7":{"start":{"line":22,"column":8},"end":{"line":22,"column":null}},"8":{"start":{"line":22,"column":46},"end":{"line":22,"column":69}},"9":{"start":{"line":24,"column":26},"end":{"line":26,"column":null}},"10":{"start":{"line":25,"column":8},"end":{"line":25,"column":null}},"11":{"start":{"line":27,"column":26},"end":{"line":36,"column":null}},"12":{"start":{"line":28,"column":8},"end":{"line":35,"column":null}},"13":{"start":{"line":29,"column":26},"end":{"line":29,"column":55}},"14":{"start":{"line":30,"column":12},"end":{"line":30,"column":null}},"15":{"start":{"line":30,"column":24},"end":{"line":30,"column":null}},"16":{"start":{"line":31,"column":12},"end":{"line":33,"column":null}},"17":{"start":{"line":32,"column":16},"end":{"line":32,"column":null}},"18":{"start":{"line":34,"column":12},"end":{"line":34,"column":null}},"19":{"start":{"line":37,"column":26},"end":{"line":37,"column":73}},"20":{"start":{"line":37,"column":49},"end":{"line":37,"column":67}},"21":{"start":{"line":171,"column":65},"end":{"line":171,"column":null}},"22":{"start":{"line":172,"column":62},"end":{"line":172,"column":null}},"23":{"start":{"line":173,"column":65},"end":{"line":173,"column":null}},"24":{"start":{"line":178,"column":71},"end":{"line":178,"column":null}}},"fnMap":{"0":{"name":"RowInputPrompt","decl":{"start":{"line":7,"column":16},"end":{"line":7,"column":31}},"loc":{"start":{"line":7,"column":76},"end":{"line":238,"column":null}}},"1":{"name":"(anonymous_1)","decl":{"start":{"line":8,"column":30},"end":{"line":8,"column":31}},"loc":{"start":{"line":8,"column":52},"end":{"line":16,"column":null}}},"2":{"name":"(anonymous_2)","decl":{"start":{"line":17,"column":26},"end":{"line":17,"column":27}},"loc":{"start":{"line":17,"column":27},"end":{"line":20,"column":null}}},"3":{"name":"(anonymous_3)","decl":{"start":{"line":19,"column":24},"end":{"line":19,"column":25}},"loc":{"start":{"line":19,"column":29},"end":{"line":19,"column":35}}},"4":{"name":"(anonymous_4)","decl":{"start":{"line":21,"column":26},"end":{"line":21,"column":27}},"loc":{"start":{"line":21,"column":27},"end":{"line":23,"column":null}}},"5":{"name":"(anonymous_5)","decl":{"start":{"line":22,"column":41},"end":{"line":22,"column":42}},"loc":{"start":{"line":22,"column":46},"end":{"line":22,"column":69}}},"6":{"name":"(anonymous_6)","decl":{"start":{"line":24,"column":26},"end":{"line":24,"column":27}},"loc":{"start":{"line":24,"column":27},"end":{"line":26,"column":null}}},"7":{"name":"(anonymous_7)","decl":{"start":{"line":27,"column":26},"end":{"line":27,"column":27}},"loc":{"start":{"line":27,"column":27},"end":{"line":36,"column":null}}},"8":{"name":"(anonymous_8)","decl":{"start":{"line":28,"column":36},"end":{"line":28,"column":37}},"loc":{"start":{"line":28,"column":37},"end":{"line":35,"column":null}}},"9":{"name":"(anonymous_9)","decl":{"start":{"line":37,"column":41},"end":{"line":37,"column":42}},"loc":{"start":{"line":37,"column":49},"end":{"line":37,"column":67}}},"10":{"name":"(anonymous_12)","decl":{"start":{"line":170,"column":63},"end":{"line":170,"column":64}},"loc":{"start":{"line":170,"column":64},"end":{"line":191,"column":null}}},"11":{"name":"(anonymous_13)","decl":{"start":{"line":178,"column":66},"end":{"line":178,"column":67}},"loc":{"start":{"line":178,"column":71},"end":{"line":178,"column":null}}}},"branchMap":{"0":{"loc":{"start":{"line":12,"column":19},"end":{"line":12,"column":41}},"type":"binary-expr","locations":[{"start":{"line":12,"column":19},"end":{"line":12,"column":35}},{"start":{"line":12,"column":39},"end":{"line":12,"column":41}}]},"1":{"loc":{"start":{"line":25,"column":15},"end":{"line":25,"column":null}},"type":"binary-expr","locations":[{"start":{"line":25,"column":15},"end":{"line":25,"column":31}},{"start":{"line":25,"column":31},"end":{"line":25,"column":null}}]},"2":{"loc":{"start":{"line":30,"column":12},"end":{"line":30,"column":null}},"type":"if","locations":[{"start":{"line":30,"column":12},"end":{"line":30,"column":null}},{"start":{},"end":{}}]},"3":{"loc":{"start":{"line":31,"column":12},"end":{"line":33,"column":null}},"type":"if","locations":[{"start":{"line":31,"column":12},"end":{"line":33,"column":null}},{"start":{},"end":{}}]},"4":{"loc":{"start":{"line":172,"column":62},"end":{"line":172,"column":null}},"type":"binary-expr","locations":[{"start":{"line":172,"column":62},"end":{"line":172,"column":91}},{"start":{"line":172,"column":95},"end":{"line":172,"column":null}}]},"5":{"loc":{"start":{"line":173,"column":65},"end":{"line":173,"column":null}},"type":"binary-expr","locations":[{"start":{"line":173,"column":65},"end":{"line":173,"column":77}},{"start":{"line":173,"column":77},"end":{"line":173,"column":86}},{"start":{"line":173,"column":86},"end":{"line":173,"column":null}}]},"6":{"loc":{"start":{"line":176,"column":62},"end":{"line":176,"column":null}},"type":"cond-expr","locations":[{"start":{"line":176,"column":73},"end":{"line":176,"column":84}},{"start":{"line":176,"column":84},"end":{"line":176,"column":null}}]},"7":{"loc":{"start":{"line":179,"column":69},"end":{"line":179,"column":null}},"type":"cond-expr","locations":[{"start":{"line":179,"column":80},"end":{"line":179,"column":86}},{"start":{"line":179,"column":86},"end":{"line":179,"column":null}}]},"8":{"loc":{"start":{"line":180,"column":82},"end":{"line":180,"column":120}},"type":"cond-expr","locations":[{"start":{"line":180,"column":93},"end":{"line":180,"column":116}},{"start":{"line":180,"column":116},"end":{"line":180,"column":120}}]},"9":{"loc":{"start":{"line":193,"column":58},"end":{"line":193,"column":99}},"type":"binary-expr","locations":[{"start":{"line":193,"column":58},"end":{"line":193,"column":99}}]}},"s":{"0":0,"1":0,"2":0,"3":0,"4":0,"5":0,"6":0,"7":0,"8":0,"9":0,"10":0,"11":0,"12":0,"13":0,"14":0,"15":0,"16":0,"17":0,"18":0,"19":0,"20":0,"21":0,"22":0,"23":0,"24":0},"f":{"0":0,"1":0,"2":0,"3":0,"4":0,"5":0,"6":0,"7":0,"8":0,"9":0,"10":0,"11":0},"b":{"0":[0,0],"1":[0,0],"2":[0,0],"3":[0,0],"4":[0,0],"5":[0,0,0],"6":[0,0],"7":[0,0],"8":[0,0],"9":[0]}}
,"C:/Users/russe/dev/json-mail-merge/src/components/UserInputPrompt.tsx": {"path":"C:/Users/russe/dev/json-mail-merge/src/components/UserInputPrompt.tsx","statementMap":{"0":{"start":{"line":7,"column":25},"end":{"line":12,"column":null}},"1":{"start":{"line":8,"column":8},"end":{"line":11,"column":null}},"2":{"start":{"line":13,"column":33},"end":{"line":15,"column":null}},"3":{"start":{"line":14,"column":8},"end":{"line":14,"column":null}},"4":{"start":{"line":14,"column":47},"end":{"line":14,"column":null}},"5":{"start":{"line":16,"column":26},"end":{"line":19,"column":null}},"6":{"start":{"line":17,"column":8},"end":{"line":17,"column":null}},"7":{"start":{"line":17,"column":20},"end":{"line":17,"column":null}},"8":{"start":{"line":18,"column":8},"end":{"line":18,"column":null}},"9":{"start":{"line":20,"column":4},"end":{"line":20,"column":null}},"10":{"start":{"line":20,"column":37},"end":{"line":20,"column":null}},"11":{"start":{"line":59,"column":35},"end":{"line":59,"column":null}},"12":{"start":{"line":60,"column":37},"end":{"line":60,"column":null}},"13":{"start":{"line":61,"column":34},"end":{"line":61,"column":null}},"14":{"start":{"line":62,"column":37},"end":{"line":62,"column":null}},"15":{"start":{"line":115,"column":47},"end":{"line":115,"column":null}}},"fnMap":{"0":{"name":"UserInputPrompt","decl":{"start":{"line":6,"column":16},"end":{"line":6,"column":32}},"loc":{"start":{"line":6,"column":68},"end":{"line":163,"column":null}}},"1":{"name":"(anonymous_1)","decl":{"start":{"line":7,"column":25},"end":{"line":7,"column":26}},"loc":{"start":{"line":7,"column":32},"end":{"line":12,"column":null}}},"2":{"name":"(anonymous_2)","decl":{"start":{"line":13,"column":33},"end":{"line":13,"column":34}},"loc":{"start":{"line":13,"column":34},"end":{"line":15,"column":null}}},"3":{"name":"(anonymous_3)","decl":{"start":{"line":14,"column":42},"end":{"line":14,"column":43}},"loc":{"start":{"line":14,"column":47},"end":{"line":14,"column":null}}},"4":{"name":"(anonymous_4)","decl":{"start":{"line":16,"column":26},"end":{"line":16,"column":27}},"loc":{"start":{"line":16,"column":27},"end":{"line":19,"column":null}}},"5":{"name":"(anonymous_5)","decl":{"start":{"line":58,"column":45},"end":{"line":58,"column":46}},"loc":{"start":{"line":58,"column":46},"end":{"line":151,"column":null}}},"6":{"name":"(anonymous_6)","decl":{"start":{"line":115,"column":42},"end":{"line":115,"column":43}},"loc":{"start":{"line":115,"column":47},"end":{"line":115,"column":null}}}},"branchMap":{"0":{"loc":{"start":{"line":17,"column":8},"end":{"line":17,"column":null}},"type":"if","locations":[{"start":{"line":17,"column":8},"end":{"line":17,"column":null}},{"start":{},"end":{}}]},"1":{"loc":{"start":{"line":18,"column":15},"end":{"line":18,"column":null}},"type":"binary-expr","locations":[{"start":{"line":18,"column":15},"end":{"line":18,"column":40}},{"start":{"line":18,"column":40},"end":{"line":18,"column":null}}]},"2":{"loc":{"start":{"line":20,"column":4},"end":{"line":20,"column":null}},"type":"if","locations":[{"start":{"line":20,"column":4},"end":{"line":20,"column":null}},{"start":{},"end":{}}]},"3":{"loc":{"start":{"line":61,"column":34},"end":{"line":61,"column":null}},"type":"binary-expr","locations":[{"start":{"line":61,"column":34},"end":{"line":61,"column":51}},{"start":{"line":61,"column":55},"end":{"line":61,"column":null}}]},"4":{"loc":{"start":{"line":62,"column":37},"end":{"line":62,"column":null}},"type":"binary-expr","locations":[{"start":{"line":62,"column":37},"end":{"line":62,"column":49}},{"start":{"line":62,"column":49},"end":{"line":62,"column":58}},{"start":{"line":62,"column":58},"end":{"line":62,"column":null}}]},"5":{"loc":{"start":{"line":69,"column":61},"end":{"line":75,"column":69}},"type":"cond-expr","locations":[{"start":{"line":69,"column":61},"end":{"line":75,"column":69}}]},"6":{"loc":{"start":{"line":95,"column":44},"end":{"line":95,"column":null}},"type":"cond-expr","locations":[{"start":{"line":95,"column":55},"end":{"line":95,"column":66}},{"start":{"line":95,"column":66},"end":{"line":95,"column":null}}]},"7":{"loc":{"start":{"line":111,"column":38},"end":{"line":111,"column":null}},"type":"cond-expr","locations":[{"start":{"line":111,"column":49},"end":{"line":111,"column":58}},{"start":{"line":111,"column":58},"end":{"line":111,"column":null}}]},"8":{"loc":{"start":{"line":112,"column":43},"end":{"line":112,"column":null}},"type":"cond-expr","locations":[{"start":{"line":112,"column":54},"end":{"line":112,"column":66}},{"start":{"line":112,"column":66},"end":{"line":112,"column":null}}]},"9":{"loc":{"start":{"line":113,"column":45},"end":{"line":113,"column":null}},"type":"cond-expr","locations":[{"start":{"line":113,"column":56},"end":{"line":113,"column":78}},{"start":{"line":113,"column":78},"end":{"line":113,"column":null}}]},"10":{"loc":{"start":{"line":116,"column":43},"end":{"line":116,"column":null}},"type":"cond-expr","locations":[{"start":{"line":116,"column":54},"end":{"line":116,"column":77}},{"start":{"line":116,"column":77},"end":{"line":116,"column":null}}]},"11":{"loc":{"start":{"line":122,"column":28},"end":{"line":122,"column":54}},"type":"binary-expr","locations":[{"start":{"line":122,"column":28},"end":{"line":122,"column":54}}]}},"s":{"0":0,"1":0,"2":0,"3":0,"4":0,"5":0,"6":0,"7":0,"8":0,"9":0,"10":0,"11":0,"12":0,"13":0,"14":0,"15":0},"f":{"0":0,"1":0,"2":0,"3":0,"4":0,"5":0,"6":0},"b":{"0":[0,0],"1":[0,0],"2":[0,0],"3":[0,0],"4":[0,0,0],"5":[0],"6":[0,0],"7":[0,0],"8":[0,0],"9":[0,0],"10":[0,0],"11":[0]}}
,"C:/Users/russe/dev/json-mail-merge/src/hooks/use-mobile.tsx": {"path":"C:/Users/russe/dev/json-mail-merge/src/hooks/use-mobile.tsx","statementMap":{"0":{"start":{"line":2,"column":26},"end":{"line":2,"column":null}},"1":{"start":{"line":4,"column":36},"end":{"line":4,"column":null}},"2":{"start":{"line":5,"column":4},"end":{"line":13,"column":null}},"3":{"start":{"line":6,"column":20},"end":{"line":6,"column":null}},"4":{"start":{"line":7,"column":25},"end":{"line":9,"column":null}},"5":{"start":{"line":8,"column":12},"end":{"line":8,"column":null}},"6":{"start":{"line":10,"column":8},"end":{"line":10,"column":null}},"7":{"start":{"line":11,"column":8},"end":{"line":11,"column":null}},"8":{"start":{"line":12,"column":8},"end":{"line":12,"column":null}},"9":{"start":{"line":12,"column":19},"end":{"line":12,"column":null}},"10":{"start":{"line":14,"column":4},"end":{"line":14,"column":null}}},"fnMap":{"0":{"name":"useIsMobile","decl":{"start":{"line":3,"column":16},"end":{"line":3,"column":null}},"loc":{"start":{"line":3,"column":16},"end":{"line":15,"column":null}}},"1":{"name":"(anonymous_1)","decl":{"start":{"line":5,"column":20},"end":{"line":5,"column":null}},"loc":{"start":{"line":5,"column":20},"end":{"line":13,"column":7}}},"2":{"name":"(anonymous_2)","decl":{"start":{"line":7,"column":25},"end":{"line":7,"column":null}},"loc":{"start":{"line":7,"column":25},"end":{"line":9,"column":null}}},"3":{"name":"(anonymous_3)","decl":{"start":{"line":12,"column":15},"end":{"line":12,"column":19}},"loc":{"start":{"line":12,"column":19},"end":{"line":12,"column":null}}}},"branchMap":{},"s":{"0":0,"1":0,"2":0,"3":0,"4":0,"5":0,"6":0,"7":0,"8":0,"9":0,"10":0},"f":{"0":0,"1":0,"2":0,"3":0},"b":{}}
,"C:/Users/russe/dev/json-mail-merge/src/hooks/use-toast.ts": {"path":"C:/Users/russe/dev/json-mail-merge/src/hooks/use-toast.ts","statementMap":{"0":{"start":{"line":2,"column":20},"end":{"line":2,"column":null}},"1":{"start":{"line":3,"column":27},"end":{"line":3,"column":null}},"2":{"start":{"line":4,"column":20},"end":{"line":9,"column":null}},"3":{"start":{"line":10,"column":12},"end":{"line":10,"column":null}},"4":{"start":{"line":12,"column":4},"end":{"line":12,"column":null}},"5":{"start":{"line":13,"column":4},"end":{"line":13,"column":null}},"6":{"start":{"line":15,"column":22},"end":{"line":15,"column":null}},"7":{"start":{"line":16,"column":25},"end":{"line":28,"column":null}},"8":{"start":{"line":17,"column":4},"end":{"line":19,"column":null}},"9":{"start":{"line":18,"column":8},"end":{"line":18,"column":null}},"10":{"start":{"line":20,"column":20},"end":{"line":26,"column":null}},"11":{"start":{"line":21,"column":8},"end":{"line":21,"column":null}},"12":{"start":{"line":22,"column":8},"end":{"line":25,"column":null}},"13":{"start":{"line":27,"column":4},"end":{"line":27,"column":null}},"14":{"start":{"line":29,"column":23},"end":{"line":79,"column":2}},"15":{"start":{"line":30,"column":4},"end":{"line":78,"column":null}},"16":{"start":{"line":32,"column":12},"end":{"line":38,"column":null}},"17":{"start":{"line":40,"column":12},"end":{"line":46,"column":null}},"18":{"start":{"line":42,"column":46},"end":{"line":45,"column":null}},"19":{"start":{"line":49,"column":36},"end":{"line":49,"column":null}},"20":{"start":{"line":52,"column":16},"end":{"line":58,"column":null}},"21":{"start":{"line":53,"column":20},"end":{"line":53,"column":null}},"22":{"start":{"line":55,"column":20},"end":{"line":57,"column":null}},"23":{"start":{"line":56,"column":24},"end":{"line":56,"column":null}},"24":{"start":{"line":59,"column":16},"end":{"line":65,"column":null}},"25":{"start":{"line":61,"column":50},"end":{"line":64,"column":null}},"26":{"start":{"line":68,"column":12},"end":{"line":73,"column":null}},"27":{"start":{"line":69,"column":16},"end":{"line":72,"column":null}},"28":{"start":{"line":74,"column":12},"end":{"line":77,"column":null}},"29":{"start":{"line":76,"column":49},"end":{"line":76,"column":72}},"30":{"start":{"line":80,"column":18},"end":{"line":80,"column":20}},"31":{"start":{"line":81,"column":18},"end":{"line":83,"column":null}},"32":{"start":{"line":85,"column":4},"end":{"line":85,"column":null}},"33":{"start":{"line":86,"column":4},"end":{"line":88,"column":null}},"34":{"start":{"line":87,"column":8},"end":{"line":87,"column":null}},"35":{"start":{"line":91,"column":15},"end":{"line":91,"column":null}},"36":{"start":{"line":92,"column":19},"end":{"line":98,"column":null}},"37":{"start":{"line":92,"column":28},"end":{"line":98,"column":null}},"38":{"start":{"line":99,"column":20},"end":{"line":102,"column":null}},"39":{"start":{"line":99,"column":24},"end":{"line":102,"column":null}},"40":{"start":{"line":103,"column":4},"end":{"line":113,"column":null}},"41":{"start":{"line":110,"column":16},"end":{"line":110,"column":null}},"42":{"start":{"line":110,"column":27},"end":{"line":110,"column":null}},"43":{"start":{"line":114,"column":4},"end":{"line":118,"column":null}},"44":{"start":{"line":121,"column":30},"end":{"line":121,"column":null}},"45":{"start":{"line":122,"column":4},"end":{"line":132,"column":null}},"46":{"start":{"line":123,"column":8},"end":{"line":123,"column":null}},"47":{"start":{"line":124,"column":8},"end":{"line":129,"column":null}},"48":{"start":{"line":125,"column":26},"end":{"line":125,"column":null}},"49":{"start":{"line":126,"column":12},"end":{"line":128,"column":null}},"50":{"start":{"line":127,"column":16},"end":{"line":127,"column":null}},"51":{"start":{"line":133,"column":4},"end":{"line":140,"column":null}},"52":{"start":{"line":136,"column":28},"end":{"line":139,"column":null}}},"fnMap":{"0":{"name":"genId","decl":{"start":{"line":11,"column":9},"end":{"line":11,"column":null}},"loc":{"start":{"line":11,"column":9},"end":{"line":14,"column":null}}},"1":{"name":"(anonymous_1)","decl":{"start":{"line":16,"column":25},"end":{"line":16,"column":26}},"loc":{"start":{"line":16,"column":26},"end":{"line":28,"column":null}}},"2":{"name":"(anonymous_2)","decl":{"start":{"line":20,"column":31},"end":{"line":20,"column":null}},"loc":{"start":{"line":20,"column":31},"end":{"line":26,"column":7}}},"3":{"name":"(anonymous_3)","decl":{"start":{"line":29,"column":23},"end":{"line":29,"column":24}},"loc":{"start":{"line":29,"column":31},"end":{"line":79,"column":2}}},"4":{"name":"(anonymous_4)","decl":{"start":{"line":42,"column":41},"end":{"line":42,"column":42}},"loc":{"start":{"line":42,"column":46},"end":{"line":45,"column":null}}},"5":{"name":"(anonymous_5)","decl":{"start":{"line":55,"column":41},"end":{"line":55,"column":42}},"loc":{"start":{"line":55,"column":42},"end":{"line":57,"column":null}}},"6":{"name":"(anonymous_6)","decl":{"start":{"line":61,"column":45},"end":{"line":61,"column":46}},"loc":{"start":{"line":61,"column":50},"end":{"line":64,"column":null}}},"7":{"name":"(anonymous_7)","decl":{"start":{"line":76,"column":44},"end":{"line":76,"column":45}},"loc":{"start":{"line":76,"column":49},"end":{"line":76,"column":72}}},"8":{"name":"dispatch","decl":{"start":{"line":84,"column":9},"end":{"line":84,"column":18}},"loc":{"start":{"line":84,"column":24},"end":{"line":89,"column":null}}},"9":{"name":"(anonymous_9)","decl":{"start":{"line":86,"column":22},"end":{"line":86,"column":23}},"loc":{"start":{"line":86,"column":23},"end":{"line":88,"column":null}}},"10":{"name":"toast","decl":{"start":{"line":90,"column":9},"end":{"line":90,"column":15}},"loc":{"start":{"line":90,"column":27},"end":{"line":119,"column":null}}},"11":{"name":"(anonymous_11)","decl":{"start":{"line":92,"column":19},"end":{"line":92,"column":20}},"loc":{"start":{"line":92,"column":28},"end":{"line":98,"column":null}}},"12":{"name":"(anonymous_12)","decl":{"start":{"line":99,"column":20},"end":{"line":99,"column":24}},"loc":{"start":{"line":99,"column":24},"end":{"line":102,"column":null}}},"13":{"name":"(anonymous_13)","decl":{"start":{"line":109,"column":26},"end":{"line":109,"column":27}},"loc":{"start":{"line":109,"column":27},"end":{"line":111,"column":null}}},"14":{"name":"useToast","decl":{"start":{"line":120,"column":9},"end":{"line":120,"column":null}},"loc":{"start":{"line":120,"column":9},"end":{"line":141,"column":null}}},"15":{"name":"(anonymous_15)","decl":{"start":{"line":122,"column":20},"end":{"line":122,"column":null}},"loc":{"start":{"line":122,"column":20},"end":{"line":130,"column":7}}},"16":{"name":"(anonymous_16)","decl":{"start":{"line":124,"column":15},"end":{"line":124,"column":null}},"loc":{"start":{"line":124,"column":15},"end":{"line":129,"column":null}}},"17":{"name":"(anonymous_17)","decl":{"start":{"line":136,"column":17},"end":{"line":136,"column":18}},"loc":{"start":{"line":136,"column":28},"end":{"line":139,"column":null}}}},"branchMap":{"0":{"loc":{"start":{"line":17,"column":4},"end":{"line":19,"column":null}},"type":"if","locations":[{"start":{"line":17,"column":4},"end":{"line":19,"column":null}},{"start":{},"end":{}}]},"1":{"loc":{"start":{"line":30,"column":4},"end":{"line":78,"column":null}},"type":"switch","locations":[{"start":{"line":31,"column":8},"end":{"line":38,"column":null}},{"start":{"line":39,"column":8},"end":{"line":46,"column":null}},{"start":{"line":47,"column":8},"end":{"line":66,"column":null}},{"start":{"line":67,"column":8},"end":{"line":77,"column":null}}]},"2":{"loc":{"start":{"line":42,"column":46},"end":{"line":45,"column":null}},"type":"cond-expr","locations":[{"start":{"line":42,"column":73},"end":{"line":45,"column":24}},{"start":{"line":45,"column":24},"end":{"line":45,"column":null}}]},"3":{"loc":{"start":{"line":52,"column":16},"end":{"line":58,"column":null}},"type":"if","locations":[{"start":{"line":52,"column":16},"end":{"line":58,"column":null}},{"start":{"line":54,"column":23},"end":{"line":58,"column":null}}]},"4":{"loc":{"start":{"line":61,"column":50},"end":{"line":64,"column":null}},"type":"cond-expr","locations":[{"start":{"line":61,"column":94},"end":{"line":64,"column":28}},{"start":{"line":64,"column":28},"end":{"line":64,"column":null}}]},"5":{"loc":{"start":{"line":61,"column":50},"end":{"line":61,"column":94}},"type":"binary-expr","locations":[{"start":{"line":61,"column":50},"end":{"line":61,"column":70}},{"start":{"line":61,"column":70},"end":{"line":61,"column":94}}]},"6":{"loc":{"start":{"line":68,"column":12},"end":{"line":73,"column":null}},"type":"if","locations":[{"start":{"line":68,"column":12},"end":{"line":73,"column":null}},{"start":{},"end":{}}]},"7":{"loc":{"start":{"line":110,"column":16},"end":{"line":110,"column":null}},"type":"if","locations":[{"start":{"line":110,"column":16},"end":{"line":110,"column":null}},{"start":{},"end":{}}]},"8":{"loc":{"start":{"line":126,"column":12},"end":{"line":128,"column":null}},"type":"if","locations":[{"start":{"line":126,"column":12},"end":{"line":128,"column":null}},{"start":{},"end":{}}]}},"s":{"0":0,"1":0,"2":0,"3":0,"4":0,"5":0,"6":0,"7":0,"8":0,"9":0,"10":0,"11":0,"12":0,"13":0,"14":0,"15":0,"16":0,"17":0,"18":0,"19":0,"20":0,"21":0,"22":0,"23":0,"24":0,"25":0,"26":0,"27":0,"28":0,"29":0,"30":0,"31":0,"32":0,"33":0,"34":0,"35":0,"36":0,"37":0,"38":0,"39":0,"40":0,"41":0,"42":0,"43":0,"44":0,"45":0,"46":0,"47":0,"48":0,"49":0,"50":0,"51":0,"52":0},"f":{"0":0,"1":0,"2":0,"3":0,"4":0,"5":0,"6":0,"7":0,"8":0,"9":0,"10":0,"11":0,"12":0,"13":0,"14":0,"15":0,"16":0,"17":0},"b":{"0":[0,0],"1":[0,0,0,0],"2":[0,0],"3":[0,0],"4":[0,0],"5":[0,0],"6":[0,0],"7":[0,0],"8":[0,0]}}
[...]
:{"line":61,"column":39}},"loc":{"start":{"line":61,"column":39},"end":{"line":61,"column":67}}},"4":{"name":"(anonymous_4)","decl":{"start":{"line":64,"column":33},"end":{"line":64,"column":37}},"loc":{"start":{"line":64,"column":37},"end":{"line":64,"column":72}}},"5":{"name":"(anonymous_5)","decl":{"start":{"line":67,"column":37},"end":{"line":67,"column":41}},"loc":{"start":{"line":67,"column":41},"end":{"line":67,"column":80}}},"6":{"name":"(anonymous_6)","decl":{"start":{"line":70,"column":43},"end":{"line":70,"column":47}},"loc":{"start":{"line":70,"column":47},"end":{"line":70,"column":76}}},"7":{"name":"(anonymous_7)","decl":{"start":{"line":71,"column":46},"end":{"line":71,"column":50}},"loc":{"start":{"line":71,"column":50},"end":{"line":71,"column":82}}},"8":{"name":"(anonymous_8)","decl":{"start":{"line":72,"column":45},"end":{"line":72,"column":49}},"loc":{"start":{"line":72,"column":49},"end":{"line":72,"column":80}}},"9":{"name":"(anonymous_9)","decl":{"start":{"line":73,"column":35},"end":{"line":73,"column":39}},"loc":{"start":{"line":73,"column":39},"end":{"line":77,"column":11}}},"10":{"name":"(anonymous_10)","decl":{"start":{"line":82,"column":36},"end":{"line":82,"column":40}},"loc":{"start":{"line":82,"column":40},"end":{"line":82,"column":95}}},"11":{"name":"(anonymous_11)","decl":{"start":{"line":82,"column":60},"end":{"line":82,"column":61}},"loc":{"start":{"line":82,"column":65},"end":{"line":82,"column":95}}},"12":{"name":"(anonymous_12)","decl":{"start":{"line":86,"column":30},"end":{"line":86,"column":34}},"loc":{"start":{"line":86,"column":34},"end":{"line":86,"column":53}}},"13":{"name":"(anonymous_13)","decl":{"start":{"line":90,"column":39},"end":{"line":90,"column":null}},"loc":{"start":{"line":90,"column":39},"end":{"line":92,"column":7}}},"14":{"name":"(anonymous_14)","decl":{"start":{"line":91,"column":35},"end":{"line":91,"column":36}},"loc":{"start":{"line":91,"column":40},"end":{"line":91,"column":null}}},"15":{"name":"(anonymous_15)","decl":{"start":{"line":97,"column":38},"end":{"line":97,"column":null}},"loc":{"start":{"line":97,"column":38},"end":{"line":99,"column":7}}},"16":{"name":"(anonymous_16)","decl":{"start":{"line":98,"column":35},"end":{"line":98,"column":36}},"loc":{"start":{"line":98,"column":40},"end":{"line":98,"column":null}}},"17":{"name":"(anonymous_17)","decl":{"start":{"line":104,"column":44},"end":{"line":104,"column":null}},"loc":{"start":{"line":104,"column":44},"end":{"line":107,"column":7}}},"18":{"name":"(anonymous_18)","decl":{"start":{"line":113,"column":43},"end":{"line":113,"column":null}},"loc":{"start":{"line":113,"column":43},"end":{"line":120,"column":7}}},"19":{"name":"(anonymous_19)","decl":{"start":{"line":114,"column":57},"end":{"line":114,"column":58}},"loc":{"start":{"line":114,"column":62},"end":{"line":114,"column":83}}},"20":{"name":"(anonymous_20)","decl":{"start":{"line":114,"column":87},"end":{"line":114,"column":88}},"loc":{"start":{"line":114,"column":92},"end":{"line":114,"column":98}}},"21":{"name":"(anonymous_21)","decl":{"start":{"line":115,"column":55},"end":{"line":115,"column":56}},"loc":{"start":{"line":115,"column":60},"end":{"line":115,"column":81}}},"22":{"name":"(anonymous_22)","decl":{"start":{"line":115,"column":85},"end":{"line":115,"column":86}},"loc":{"start":{"line":115,"column":90},"end":{"line":115,"column":96}}},"23":{"name":"(anonymous_23)","decl":{"start":{"line":122,"column":36},"end":{"line":122,"column":null}},"loc":{"start":{"line":122,"column":36},"end":{"line":132,"column":7}}},"24":{"name":"(anonymous_24)","decl":{"start":{"line":123,"column":40},"end":{"line":123,"column":41}},"loc":{"start":{"line":123,"column":41},"end":{"line":131,"column":null}}},"25":{"name":"(anonymous_25)","decl":{"start":{"line":126,"column":54},"end":{"line":126,"column":55}},"loc":{"start":{"line":126,"column":59},"end":{"line":126,"column":null}}},"26":{"name":"(anonymous_26)","decl":{"start":{"line":137,"column":35},"end":{"line":137,"column":null}},"loc":{"start":{"line":137,"column":35},"end":{"line":150,"column":7}}},"27":{"name":"(anonymous_27)","decl":{"start":{"line":139,"column":36},"end":{"line":139,"column":37}},"loc":{"start":{"line":139,"column":40},"end":{"line":149,"column":null}}},"28":{"name":"(anonymous_28)","decl":{"start":{"line":140,"column":43},"end":{"line":140,"column":44}},"loc":{"start":{"line":140,"column":44},"end":{"line":148,"column":null}}},"29":{"name":"(anonymous_29)","decl":{"start":{"line":143,"column":57},"end":{"line":143,"column":58}},"loc":{"start":{"line":143,"column":62},"end":{"line":143,"column":null}}},"30":{"name":"(anonymous_30)","decl":{"start":{"line":155,"column":36},"end":{"line":155,"column":null}},"loc":{"start":{"line":155,"column":36},"end":{"line":158,"column":7}}},"31":{"name":"(anonymous_31)","decl":{"start":{"line":163,"column":14},"end":{"line":163,"column":null}},"loc":{"start":{"line":163,"column":14},"end":{"line":170,"column":7}}},"32":{"name":"(anonymous_32)","decl":{"start":{"line":176,"column":34},"end":{"line":176,"column":null}},"loc":{"start":{"line":176,"column":34},"end":{"line":191,"column":7}}},"33":{"name":"(anonymous_33)","decl":{"start":{"line":185,"column":34},"end":{"line":185,"column":35}},"loc":{"start":{"line":185,"column":40},"end":{"line":190,"column":null}}},"34":{"name":"(anonymous_34)","decl":{"start":{"line":272,"column":49},"end":{"line":272,"column":53}},"loc":{"start":{"line":272,"column":53},"end":{"line":272,"column":null}}}},"branchMap":{"0":{"loc":{"start":{"line":53,"column":24},"end":{"line":53,"column":null}},"type":"cond-expr","locations":[{"start":{"line":53,"column":36},"end":{"line":53,"column":58}},{"start":{"line":53,"column":58},"end":{"line":53,"column":null}}]},"1":{"loc":{"start":{"line":105,"column":8},"end":{"line":105,"column":null}},"type":"if","locations":[{"start":{"line":105,"column":8},"end":{"line":105,"column":null}},{"start":{},"end":{}}]},"2":{"loc":{"start":{"line":105,"column":12},"end":{"line":105,"column":61}},"type":"binary-expr","locations":[{"start":{"line":105,"column":12},"end":{"line":105,"column":29}},{"start":{"line":105,"column":29},"end":{"line":105,"column":61}}]},"3":{"loc":{"start":{"line":125,"column":12},"end":{"line":125,"column":null}},"type":"if","locations":[{"start":{"line":125,"column":12},"end":{"line":125,"column":null}},{"start":{},"end":{}}]},"4":{"loc":{"start":{"line":127,"column":12},"end":{"line":129,"column":null}},"type":"if","locations":[{"start":{"line":127,"column":12},"end":{"line":129,"column":null}},{"start":{},"end":{}}]},"5":{"loc":{"start":{"line":128,"column":23},"end":{"line":128,"column":null}},"type":"binary-expr","locations":[{"start":{"line":128,"column":23},"end":{"line":128,"column":48}},{"start":{"line":128,"column":48},"end":{"line":128,"column":null}}]},"6":{"loc":{"start":{"line":138,"column":8},"end":{"line":138,"column":null}},"type":"if","locations":[{"start":{"line":138,"column":8},"end":{"line":138,"column":null}},{"start":{},"end":{}}]},"7":{"loc":{"start":{"line":142,"column":16},"end":{"line":142,"column":null}},"type":"if","locations":[{"start":{"line":142,"column":16},"end":{"line":142,"column":null}},{"start":{},"end":{}}]},"8":{"loc":{"start":{"line":144,"column":16},"end":{"line":146,"column":null}},"type":"if","locations":[{"start":{"line":144,"column":16},"end":{"line":146,"column":null}},{"start":{},"end":{}}]},"9":{"loc":{"start":{"line":145,"column":27},"end":{"line":145,"column":null}},"type":"binary-expr","locations":[{"start":{"line":145,"column":27},"end":{"line":145,"column":52}},{"start":{"line":145,"column":52},"end":{"line":145,"column":null}}]},"10":{"loc":{"start":{"line":156,"column":8},"end":{"line":156,"column":null}},"type":"if","locations":[{"start":{"line":156,"column":8},"end":{"line":156,"column":null}},{"start":{},"end":{}}]},"11":{"loc":{"start":{"line":164,"column":8},"end":{"line":166,"column":null}},"type":"if","locations":[{"start":{"line":164,"column":8},"end":{"line":166,"column":null}},{"start":{},"end":{}}]},"12":{"loc":{"start":{"line":164,"column":12},"end":{"line":164,"column":75}},"type":"binary-expr","locations":[{"start":{"line":164,"column":12},"end":{"line":164,"column":25}},{"start":{"line":164,"column":25},"end":{"line":164,"column":55}},{"start":{"line":164,"column":55},"end":{"line":164,"column":75}}]},"13":{"loc":{"start":{"line":167,"column":8},"end":{"line":169,"column":null}},"type":"if","locations":[{"start":{"line":167,"column":8},"end":{"line":169,"column":null}},{"start":{},"end":{}}]},"14":{"loc":{"start":{"line":175,"column":21},"end":{"line":175,"column":null}},"type":"binary-expr","locations":[{"start":{"line":175,"column":21},"end":{"line":175,"column":41}},{"start":{"line":175,"column":45},"end":{"line":175,"column":74}},{"start":{"line":175,"column":75},"end":{"line":175,"column":89}},{"start":{"line":175,"column":89},"end":{"line":175,"column":106}},{"start":{"line":175,"column":112},"end":{"line":175,"column":147}},{"start":{"line":175,"column":147},"end":{"line":175,"column":162}},{"start":{"line":175,"column":168},"end":{"line":175,"column":202}},{"start":{"line":175,"column":202},"end":{"line":175,"column":216}},{"start":{"line":175,"column":221},"end":{"line":175,"column":null}}]},"15":{"loc":{"start":{"line":177,"column":8},"end":{"line":177,"column":null}},"type":"if","locations":[{"start":{"line":177,"column":8},"end":{"line":177,"column":null}},{"start":{},"end":{}}]},"16":{"loc":{"start":{"line":178,"column":8},"end":{"line":183,"column":null}},"type":"if","locations":[{"start":{"line":178,"column":8},"end":{"line":183,"column":null}},{"start":{},"end":{}}]},"17":{"loc":{"start":{"line":178,"column":12},"end":{"line":178,"column":44}},"type":"binary-expr","locations":[{"start":{"line":178,"column":12},"end":{"line":178,"column":25}},{"start":{"line":178,"column":25},"end":{"line":178,"column":44}}]},"18":{"loc":{"start":{"line":186,"column":30},"end":{"line":186,"column":null}},"type":"binary-expr","locations":[{"start":{"line":186,"column":30},"end":{"line":186,"column":54}},{"start":{"line":186,"column":58},"end":{"line":186,"column":null}}]},"19":{"loc":{"start":{"line":201,"column":24},"end":{"line":201,"column":60}},"type":"cond-expr","locations":[{"start":{"line":201,"column":36},"end":{"line":201,"column":40}},{"start":{"line":201,"column":40},"end":{"line":201,"column":60}}]},"20":{"loc":{"start":{"line":308,"column":37},"end":{"line":308,"column":53}},"type":"binary-expr","locations":[{"start":{"line":308,"column":37},"end":{"line":308,"column":53}},{"start":{"line":308,"column":53},"end":{"line":308,"column":60}}]},"21":{"loc":{"start":{"line":327,"column":36},"end":{"line":327,"column":62}},"type":"binary-expr","locations":[{"start":{"line":327,"column":36},"end":{"line":327,"column":62}}]},"22":{"loc":{"start":{"line":340,"column":52},"end":{"line":340,"column":null}},"type":"cond-expr","locations":[{"start":{"line":340,"column":72},"end":{"line":340,"column":81}},{"start":{"line":340,"column":81},"end":{"line":340,"column":null}}]},"23":{"loc":{"start":{"line":482,"column":58},"end":{"line":482,"column":null}},"type":"cond-expr","locations":[{"start":{"line":482,"column":70},"end":{"line":482,"column":135}},{"start":{"line":482,"column":135},"end":{"line":482,"column":null}}]},"24":{"loc":{"start":{"line":488,"column":44},"end":{"line":488,"column":57}},"type":"binary-expr","locations":[{"start":{"line":488,"column":44},"end":{"line":488,"column":57}},{"start":{"line":488,"column":57},"end":{"line":488,"column":77}}]},"25":{"loc":{"start":{"line":490,"column":101},"end":{"line":560,"column":81}},"type":"cond-expr","locations":[{"start":{"line":490,"column":101},"end":{"line":560,"column":81}}]},"26":{"loc":{"start":{"line":584,"column":32},"end":{"line":584,"column":79}},"type":"binary-expr","locations":[{"start":{"line":584,"column":32},"end":{"line":584,"column":79}}]},"27":{"loc":{"start":{"line":593,"column":32},"end":{"line":593,"column":76}},"type":"binary-expr","locations":[{"start":{"line":593,"column":32},"end":{"line":593,"column":76}}]},"28":{"loc":{"start":{"line":655,"column":32},"end":{"line":655,"column":64}},"type":"binary-expr","locations":[{"start":{"line":655,"column":32},"end":{"line":655,"column":64}},{"start":{"line":655,"column":64},"end":{"line":655,"column":93}},{"start":{"line":655,"column":93},"end":{"line":655,"column":138}}]},"29":{"loc":{"start":{"line":685,"column":60},"end":{"line":685,"column":null}},"type":"binary-expr","locations":[{"start":{"line":685,"column":60},"end":{"line":685,"column":77}},{"start":{"line":685,"column":77},"end":{"line":685,"column":null}}]},"30":{"loc":{"start":{"line":686,"column":60},"end":{"line":686,"column":null}},"type":"binary-expr","locations":[{"start":{"line":686,"column":60},"end":{"line":686,"column":76}},{"start":{"line":686,"column":76},"end":{"line":686,"column":97}},{"start":{"line":686,"column":101},"end":{"line":686,"column":null}}]},"31":{"loc":{"start":{"line":687,"column":60},"end":{"line":687,"column":null}},"type":"binary-expr","locations":[{"start":{"line":687,"column":60},"end":{"line":687,"column":76}},{"start":{"line":687,"column":76},"end":{"line":687,"column":96}},{"start":{"line":687,"column":100},"end":{"line":687,"column":131}},{"start":{"line":687,"column":131},"end":{"line":687,"column":null}}]},"32":{"loc":{"start":{"line":688,"column":60},"end":{"line":688,"column":null}},"type":"binary-expr","locations":[{"start":{"line":688,"column":60},"end":{"line":688,"column":76}},{"start":{"line":688,"column":76},"end":{"line":688,"column":96}},{"start":{"line":688,"column":100},"end":{"line":688,"column":129}},{"start":{"line":688,"column":129},"end":{"line":688,"column":142}},{"start":{"line":688,"column":142},"end":{"line":688,"column":164}},{"start":{"line":688,"column":164},"end":{"line":688,"column":null}}]},"33":{"loc":{"start":{"line":689,"column":60},"end":{"line":689,"column":null}},"type":"binary-expr","locations":[{"start":{"line":689,"column":60},"end":{"line":689,"column":76}},{"start":{"line":689,"column":76},"end":{"line":689,"column":96}},{"start":{"line":689,"column":100},"end":{"line":689,"column":129}},{"start":{"line":689,"column":129},"end":{"line":689,"column":162}},{"start":{"line":689,"column":162},"end":{"line":689,"column":182}},{"start":{"line":689,"column":182},"end":{"line":689,"column":null}}]},"34":{"loc":{"start":{"line":690,"column":60},"end":{"line":690,"column":null}},"type":"binary-expr","locations":[{"start":{"line":690,"column":60},"end":{"line":690,"column":76}},{"start":{"line":690,"column":76},"end":{"line":690,"column":96}},{"start":{"line":690,"column":100},"end":{"line":690,"column":129}},{"start":{"line":690,"column":129},"end":{"line":690,"column":148}},{"start":{"line":690,"column":148},"end":{"line":690,"column":180}},{"start":{"line":690,"column":180},"end":{"line":690,"column":199}},{"start":{"line":690,"column":199},"end":{"line":690,"column":230}},{"start":{"line":690,"column":230},"end":{"line":690,"column":null}}]},"35":{"loc":{"start":{"line":691,"column":60},"end":{"line":691,"column":null}},"type":"binary-expr","locations":[{"start":{"line":691,"column":60},"end":{"line":691,"column":76}},{"start":{"line":691,"column":76},"end":{"line":691,"column":96}},{"start":{"line":691,"column":100},"end":{"line":691,"column":130}},{"start":{"line":691,"column":130},"end":{"line":691,"column":null}}]},"36":{"loc":{"start":{"line":692,"column":60},"end":{"line":692,"column":null}},"type":"binary-expr","locations":[{"start":{"line":692,"column":60},"end":{"line":692,"column":72}},{"start":{"line":692,"column":73},"end":{"line":692,"column":223}}]},"37":{"loc":{"start":{"line":692,"column":73},"end":{"line":692,"column":223}},"type":"cond-expr","locations":[{"start":{"line":692,"column":85},"end":{"line":692,"column":158}},{"start":{"line":692,"column":161},"end":{"line":692,"column":223}}]},"38":{"loc":{"start":{"line":709,"column":91},"end":{"line":709,"column":161}},"type":"cond-expr","locations":[{"start":{"line":709,"column":130},"end":{"line":709,"column":149}},{"start":{"line":709,"column":149},"end":{"line":709,"column":161}}]},"39":{"loc":{"start":{"line":709,"column":91},"end":{"line":709,"column":130}},"type":"binary-expr","locations":[{"start":{"line":709,"column":91},"end":{"line":709,"column":111}},{"start":{"line":709,"column":115},"end":{"line":709,"column":130}}]},"40":{"loc":{"start":{"line":723,"column":91},"end":{"line":723,"column":150}},"type":"cond-expr","locations":[{"start":{"line":723,"column":119},"end":{"line":723,"column":138}},{"start":{"line":723,"column":138},"end":{"line":723,"column":150}}]},"41":{"loc":{"start":{"line":737,"column":91},"end":{"line":737,"column":148}},"type":"cond-expr","locations":[{"start":{"line":737,"column":102},"end":{"line":737,"column":136}},{"start":{"line":737,"column":136},"end":{"line":737,"column":148}}]},"42":{"loc":{"start":{"line":760,"column":73},"end":{"line":779,"column":65}},"type":"cond-expr","locations":[{"start":{"line":760,"column":73},"end":{"line":779,"column":65}}]},"43":{"loc":{"start":{"line":765,"column":49},"end":{"line":769,"column":58}},"type":"cond-expr","locations":[{"start":{"line":765,"column":61},"end":{"line":769,"column":44}},{"start":{"line":769,"column":44},"end":{"line":769,"column":58}}]},"44":{"loc":{"start":{"line":892,"column":56},"end":{"line":892,"column":null}},"type":"cond-expr","locations":[{"start":{"line":892,"column":68},"end":{"line":892,"column":135}},{"start":{"line":892,"column":135},"end":{"line":892,"column":null}}]}},"s":{"0":0,"1":0,"2":0,"3":0,"4":0,"5":0,"6":0,"7":0,"8":0,"9":0,"10":0,"11":0,"12":0,"13":0,"14":0,"15":0,"16":0,"17":0,"18":0,"19":0,"20":0,"21":0,"22":0,"23":0,"24":0,"25":0,"26":0,"27":0,"28":0,"29":0,"30":0,"31":0,"32":0,"33":0,"34":0,"35":0,"36":0,"37":0,"38":0,"39":0,"40":0,"41":0,"42":0,"43":0,"44":0,"45":0,"46":0,"47":0,"48":0,"49":0,"50":0,"51":0,"52":0,"53":0,"54":0,"55":0,"56":0,"57":0,"58":0,"59":0,"60":0,"61":0,"62":0,"63":0,"64":0,"65":0,"66":0,"67":0,"68":0,"69":0,"70":0,"71":0,"72":0,"73":0,"74":0,"75":0,"76":0,"77":0,"78":0,"79":0,"80":0,"81":0,"82":0,"83":0,"84":0,"85":0,"86":0,"87":0,"88":0,"89":0,"90":0,"91":0,"92":0,"93":0,"94":0,"95":0,"96":0,"97":0,"98":0,"99":0,"100":0,"101":0,"102":0},"f":{"0":0,"1":0,"2":0,"3":0,"4":0,"5":0,"6":0,"7":0,"8":0,"9":0,"10":0,"11":0,"12":0,"13":0,"14":0,"15":0,"16":0,"17":0,"18":0,"19":0,"20":0,"21":0,"22":0,"23":0,"24":0,"25":0,"26":0,"27":0,"28":0,"29":0,"30":0,"31":0,"32":0,"33":0,"34":0},"b":{"0":[0,0],"1":[0,0],"2":[0,0],"3":[0,0],"4":[0,0],"5":[0,0],"6":[0,0],"7":[0,0],"8":[0,0],"9":[0,0],"10":[0,0],"11":[0,0],"12":[0,0,0],"13":[0,0],"14":[0,0,0,0,0,0,0,0,0],"15":[0,0],"16":[0,0],"17":[0,0],"18":[0,0],"19":[0,0],"20":[0,0],"21":[0],"22":[0,0],"23":[0,0],"24":[0,0],"25":[0],"26":[0],"27":[0],"28":[0,0,0],"29":[0,0],"30":[0,0,0],"31":[0,0,0,0],"32":[0,0,0,0,0,0],"33":[0,0,0,0,0,0],"34":[0,0,0,0,0,0,0,0],"35":[0,0,0,0],"36":[0,0],"37":[0,0],"38":[0,0],"39":[0,0],"40":[0,0],"41":[0,0],"42":[0],"43":[0,0],"44":[0,0]}}
,"C:/Users/russe/dev/json-mail-merge/src/pages/NotFound.tsx": {"path":"C:/Users/russe/dev/json-mail-merge/src/pages/NotFound.tsx","statementMap":{"0":{"start":{"line":4,"column":17},"end":{"line":52,"column":null}},"1":{"start":{"line":5,"column":21},"end":{"line":5,"column":null}},"2":{"start":{"line":6,"column":4},"end":{"line":10,"column":null}},"3":{"start":{"line":7,"column":8},"end":{"line":7,"column":null}}},"fnMap":{"0":{"name":"(anonymous_0)","decl":{"start":{"line":4,"column":17},"end":{"line":4,"column":null}},"loc":{"start":{"line":4,"column":17},"end":{"line":52,"column":null}}},"1":{"name":"(anonymous_1)","decl":{"start":{"line":6,"column":14},"end":{"line":6,"column":null}},"loc":{"start":{"line":6,"column":14},"end":{"line":8,"column":7}}}},"branchMap":{},"s":{"0":0,"1":0,"2":0,"3":0},"f":{"0":0,"1":0},"b":{}}
}
