{"total": {"lines":{"total":623,"covered":68,"skipped":0,"pct":10.91},"statements":{"total":704,"covered":69,"skipped":0,"pct":9.8},"functions":{"total":213,"covered":11,"skipped":0,"pct":5.16},"branches":{"total":395,"covered":17,"skipped":0,"pct":4.3},"branchesTrue":{"total":0,"covered":0,"skipped":0,"pct":100}}
,"C:/Users/russe/dev/json-mail-merge/src/App.tsx": {"lines":{"total":1,"covered":0,"skipped":0,"pct":0},"functions":{"total":0,"covered":0,"skipped":0,"pct":100},"statements":{"total":1,"covered":0,"skipped":0,"pct":0},"branches":{"total":0,"covered":0,"skipped":0,"pct":100}}
,"C:/Users/russe/dev/json-mail-merge/src/components/AppTour.tsx": {"lines":{"total":20,"covered":0,"skipped":0,"pct":0},"functions":{"total":7,"covered":0,"skipped":0,"pct":0},"statements":{"total":23,"covered":0,"skipped":0,"pct":0},"branches":{"total":16,"covered":0,"skipped":0,"pct":0}}
,"C:/Users/russe/dev/json-mail-merge/src/components/CsvEditor.tsx": {"lines":{"total":39,"covered":0,"skipped":0,"pct":0},"functions":{"total":13,"covered":0,"skipped":0,"pct":0},"statements":{"total":43,"covered":0,"skipped":0,"pct":0},"branches":{"total":18,"covered":0,"skipped":0,"pct":0}}
,"C:/Users/russe/dev/json-mail-merge/src/components/JsonEditor.tsx": {"lines":{"total":144,"covered":0,"skipped":0,"pct":0},"functions":{"total":34,"covered":0,"skipped":0,"pct":0},"statements":{"total":160,"covered":0,"skipped":0,"pct":0},"branches":{"total":75,"covered":0,"skipped":0,"pct":0}}
,"C:/Users/russe/dev/json-mail-merge/src/components/MergeResults.tsx": {"lines":{"total":33,"covered":0,"skipped":0,"pct":0},"functions":{"total":10,"covered":0,"skipped":0,"pct":0},"statements":{"total":36,"covered":0,"skipped":0,"pct":0},"branches":{"total":8,"covered":0,"skipped":0,"pct":0}}
,"C:/Users/russe/dev/json-mail-merge/src/components/PlaceholderAutocomplete.tsx": {"lines":{"total":10,"covered":0,"skipped":0,"pct":0},"functions":{"total":6,"covered":0,"skipped":0,"pct":0},"statements":{"total":13,"covered":0,"skipped":0,"pct":0},"branches":{"total":32,"covered":0,"skipped":0,"pct":0}}
,"C:/Users/russe/dev/json-mail-merge/src/components/PlaceholderHelpModal.tsx": {"lines":{"total":0,"covered":0,"skipped":0,"pct":100},"functions":{"total":1,"covered":0,"skipped":0,"pct":0},"statements":{"total":0,"covered":0,"skipped":0,"pct":100},"branches":{"total":0,"covered":0,"skipped":0,"pct":100}}
,"C:/Users/russe/dev/json-mail-merge/src/components/RowInputPrompt.tsx": {"lines":{"total":21,"covered":0,"skipped":0,"pct":0},"functions":{"total":12,"covered":0,"skipped":0,"pct":0},"statements":{"total":25,"covered":0,"skipped":0,"pct":0},"branches":{"total":20,"covered":0,"skipped":0,"pct":0}}
,"C:/Users/russe/dev/json-mail-merge/src/components/UserInputPrompt.tsx": {"lines":{"total":13,"covered":0,"skipped":0,"pct":0},"functions":{"total":7,"covered":0,"skipped":0,"pct":0},"statements":{"total":16,"covered":0,"skipped":0,"pct":0},"branches":{"total":23,"covered":0,"skipped":0,"pct":0}}
,"C:/Users/russe/dev/json-mail-merge/src/hooks/use-mobile.tsx": {"lines":{"total":10,"covered":0,"skipped":0,"pct":0},"functions":{"total":4,"covered":0,"skipped":0,"pct":0},"statements":{"total":11,"covered":0,"skipped":0,"pct":0},"branches":{"total":0,"covered":0,"skipped":0,"pct":100}}
,"C:/Users/russe/dev/json-mail-merge/src/hooks/use-toast.ts": {"lines":{"total":50,"covered":0,"skipped":0,"pct":0},"functions":{"total":18,"covered":0,"skipped":0,"pct":0},"statements":{"total":53,"covered":0,"skipped":0,"pct":0},"branches":{"total":20,"covered":0,"skipped":0,"pct":0}}
,"C:/Users/russe/dev/json-mail-merge/src/lib/arrayMerge.ts": {"lines":{"total":31,"covered":28,"skipped":0,"pct":90.32},"functions":{"total":4,"covered":4,"skipped":0,"pct":100},"statements":{"total":32,"covered":29,"skipped":0,"pct":90.62},"branches":{"total":14,"covered":13,"skipped":0,"pct":92.85}}
,"C:/Users/russe/dev/json-mail-merge/src/lib/jsonArrayDetection.ts": {"lines":{"total":24,"covered":0,"skipped":0,"pct":0},"functions":{"total":2,"covered":0,"skipped":0,"pct":0},"statements":{"total":27,"covered":0,"skipped":0,"pct":0},"branches":{"total":18,"covered":0,"skipped":0,"pct":0}}
,"C:/Users/russe/dev/json-mail-merge/src/lib/jsonMerge.ts": {"lines":{"total":76,"covered":21,"skipped":0,"pct":27.63},"functions":{"total":12,"covered":3,"skipped":0,"pct":25},"statements":{"total":77,"covered":21,"skipped":0,"pct":27.27},"branches":{"total":28,"covered":4,"skipped":0,"pct":14.28}}
,"C:/Users/russe/dev/json-mail-merge/src/lib/placeholderMethods.ts": {"lines":{"total":26,"covered":10,"skipped":0,"pct":38.46},"functions":{"total":16,"covered":2,"skipped":0,"pct":12.5},"statements":{"total":28,"covered":10,"skipped":0,"pct":35.71},"branches":{"total":2,"covered":0,"skipped":0,"pct":0}}
,"C:/Users/russe/dev/json-mail-merge/src/lib/placeholderSuggestions.ts": {"lines":{"total":10,"covered":0,"skipped":0,"pct":0},"functions":{"total":13,"covered":0,"skipped":0,"pct":0},"statements":{"total":16,"covered":0,"skipped":0,"pct":0},"branches":{"total":4,"covered":0,"skipped":0,"pct":0}}
,"C:/Users/russe/dev/json-mail-merge/src/lib/systemPlaceholders.ts": {"lines":{"total":31,"covered":8,"skipped":0,"pct":25.8},"functions":{"total":16,"covered":1,"skipped":0,"pct":6.25},"statements":{"total":35,"covered":8,"skipped":0,"pct":22.85},"branches":{"total":4,"covered":0,"skipped":0,"pct":0}}
,"C:/Users/russe/dev/json-mail-merge/src/lib/utils.ts": {"lines":{"total":1,"covered":1,"skipped":0,"pct":100},"functions":{"total":1,"covered":1,"skipped":0,"pct":100},"statements":{"total":1,"covered":1,"skipped":0,"pct":100},"branches":{"total":0,"covered":0,"skipped":0,"pct":100}}
,"C:/Users/russe/dev/json-mail-merge/src/pages/Index.tsx": {"lines":{"total":79,"covered":0,"skipped":0,"pct":0},"functions":{"total":35,"covered":0,"skipped":0,"pct":0},"statements":{"total":103,"covered":0,"skipped":0,"pct":0},"branches":{"total":113,"covered":0,"skipped":0,"pct":0}}
,"C:/Users/russe/dev/json-mail-merge/src/pages/NotFound.tsx": {"lines":{"total":4,"covered":0,"skipped":0,"pct":0},"functions":{"total":2,"covered":0,"skipped":0,"pct":0},"statements":{"total":4,"covered":0,"skipped":0,"pct":0},"branches":{"total":0,"covered":0,"skipped":0,"pct":100}}
}
