TN:
SF:src\App.tsx
FNF:0
FNH:0
DA:9,0
LF:1
LH:0
BRF:0
BRH:0
end_of_record
TN:
SF:src\components\AppTour.tsx
FN:38,(anonymous_0)
FN:40,(anonymous_1)
FN:41,(anonymous_2)
FN:46,(anonymous_3)
FN:56,(anonymous_4)
FN:57,(anonymous_5)
FN:60,(anonymous_6)
FNF:7
FNH:0
FNDA:0,(anonymous_0)
FNDA:0,(anonymous_1)
FNDA:0,(anonymous_2)
FNDA:0,(anonymous_3)
FNDA:0,(anonymous_4)
FNDA:0,(anonymous_5)
FNDA:0,(anonymous_6)
DA:37,0
DA:38,0
DA:39,0
DA:40,0
DA:42,0
DA:43,0
DA:46,0
DA:47,0
DA:51,0
DA:52,0
DA:54,0
DA:55,0
DA:56,0
DA:57,0
DA:60,0
DA:61,0
DA:62,0
DA:63,0
DA:64,0
DA:111,0
LF:20
LH:0
BRDA:47,0,0,0
BRDA:47,0,1,0
BRDA:47,0,2,0
BRDA:47,0,3,0
BRDA:47,0,4,0
BRDA:47,0,5,0
BRDA:47,0,6,0
BRDA:47,0,7,0
BRDA:51,1,0,0
BRDA:51,1,1,0
BRDA:55,2,0,0
BRDA:55,2,1,0
BRDA:62,3,0,0
BRDA:62,3,1,0
BRDA:62,4,0,0
BRDA:62,4,1,0
BRF:16
BRH:0
end_of_record
TN:
SF:src\components\CsvEditor.tsx
FN:6,CsvEditor
FN:8,(anonymous_1)
FN:13,(anonymous_2)
FN:22,(anonymous_3)
FN:26,(anonymous_4)
FN:35,(anonymous_5)
FN:53,(anonymous_6)
FN:56,(anonymous_7)
FN:59,(anonymous_8)
FN:134,(anonymous_9)
FN:135,(anonymous_10)
FN:208,(anonymous_11)
FN:328,(anonymous_15)
FNF:13
FNH:0
FNDA:0,CsvEditor
FNDA:0,(anonymous_1)
FNDA:0,(anonymous_2)
FNDA:0,(anonymous_3)
FNDA:0,(anonymous_4)
FNDA:0,(anonymous_5)
FNDA:0,(anonymous_6)
FNDA:0,(anonymous_7)
FNDA:0,(anonymous_8)
FNDA:0,(anonymous_9)
FNDA:0,(anonymous_10)
FNDA:0,(anonymous_11)
FNDA:0,(anonymous_15)
DA:7,0
DA:8,0
DA:9,0
DA:10,0
DA:11,0
DA:12,0
DA:13,0
DA:14,0
DA:15,0
DA:17,0
DA:22,0
DA:23,0
DA:24,0
DA:25,0
DA:26,0
DA:27,0
DA:28,0
DA:30,0
DA:35,0
DA:36,0
DA:37,0
DA:42,0
DA:43,0
DA:44,0
DA:45,0
DA:46,0
DA:47,0
DA:48,0
DA:49,0
DA:53,0
DA:54,0
DA:55,0
DA:56,0
DA:57,0
DA:59,0
DA:134,0
DA:135,0
DA:208,0
DA:328,0
LF:39
LH:0
BRDA:11,0,0,0
BRDA:11,0,1,0
BRDA:11,1,0,0
BRDA:11,1,1,0
BRDA:11,1,2,0
BRDA:24,2,0,0
BRDA:24,2,1,0
BRDA:36,3,0,0
BRDA:36,3,1,0
BRDA:54,4,0,0
BRDA:54,4,1,0
BRDA:93,5,0,0
BRDA:109,6,0,0
BRDA:209,7,0,0
BRDA:209,7,1,0
BRDA:245,8,0,0
BRDA:245,8,1,0
BRDA:322,9,0,0
BRF:18
BRH:0
end_of_record
TN:
SF:src\components\JsonEditor.tsx
FN:44,JsonEditor
FN:61,(anonymous_1)
FN:66,(anonymous_2)
FN:75,(anonymous_3)
FN:79,(anonymous_4)
FN:88,(anonymous_5)
FN:106,(anonymous_6)
FN:127,(anonymous_7)
FN:176,(anonymous_8)
FN:181,(anonymous_9)
FN:202,(anonymous_10)
FN:207,(anonymous_11)
FN:212,(anonymous_12)
FN:214,(anonymous_13)
FN:214,(anonymous_14)
FN:217,(anonymous_15)
FN:220,(anonymous_16)
FN:226,(anonymous_17)
FN:237,(anonymous_18)
FN:243,(anonymous_19)
FN:244,(anonymous_20)
FN:383,(anonymous_22)
FN:384,(anonymous_23)
FN:449,(anonymous_25)
FN:449,(anonymous_26)
FN:449,(anonymous_27)
FN:467,(anonymous_28)
FN:467,(anonymous_29)
FN:516,(anonymous_30)
FN:520,(anonymous_31)
FN:595,(anonymous_32)
FN:613,(anonymous_33)
FN:637,(anonymous_34)
FN:667,(anonymous_35)
FNF:34
FNH:0
FNDA:0,JsonEditor
FNDA:0,(anonymous_1)
FNDA:0,(anonymous_2)
FNDA:0,(anonymous_3)
FNDA:0,(anonymous_4)
FNDA:0,(anonymous_5)
FNDA:0,(anonymous_6)
FNDA:0,(anonymous_7)
FNDA:0,(anonymous_8)
FNDA:0,(anonymous_9)
FNDA:0,(anonymous_10)
FNDA:0,(anonymous_11)
FNDA:0,(anonymous_12)
FNDA:0,(anonymous_13)
FNDA:0,(anonymous_14)
FNDA:0,(anonymous_15)
FNDA:0,(anonymous_16)
FNDA:0,(anonymous_17)
FNDA:0,(anonymous_18)
FNDA:0,(anonymous_19)
FNDA:0,(anonymous_20)
FNDA:0,(anonymous_22)
FNDA:0,(anonymous_23)
FNDA:0,(anonymous_25)
FNDA:0,(anonymous_26)
FNDA:0,(anonymous_27)
FNDA:0,(anonymous_28)
FNDA:0,(anonymous_29)
FNDA:0,(anonymous_30)
FNDA:0,(anonymous_31)
FNDA:0,(anonymous_32)
FNDA:0,(anonymous_33)
FNDA:0,(anonymous_34)
FNDA:0,(anonymous_35)
DA:13,0
DA:45,0
DA:46,0
DA:59,0
DA:60,0
DA:61,0
DA:62,0
DA:63,0
DA:64,0
DA:65,0
DA:66,0
DA:67,0
DA:68,0
DA:70,0
DA:75,0
DA:76,0
DA:77,0
DA:78,0
DA:79,0
DA:80,0
DA:81,0
DA:83,0
DA:88,0
DA:89,0
DA:90,0
DA:95,0
DA:96,0
DA:97,0
DA:98,0
DA:99,0
DA:100,0
DA:101,0
DA:102,0
DA:106,0
DA:107,0
DA:108,0
DA:112,0
DA:113,0
DA:114,0
DA:115,0
DA:116,0
DA:118,0
DA:119,0
DA:120,0
DA:121,0
DA:122,0
DA:127,0
DA:128,0
DA:129,0
DA:130,0
DA:132,0
DA:133,0
DA:134,0
DA:135,0
DA:137,0
DA:139,0
DA:140,0
DA:142,0
DA:143,0
DA:145,0
DA:146,0
DA:147,0
DA:148,0
DA:158,0
DA:162,0
DA:163,0
DA:173,0
DA:176,0
DA:181,0
DA:182,0
DA:183,0
DA:184,0
DA:185,0
DA:186,0
DA:189,0
DA:191,0
DA:192,0
DA:193,0
DA:194,0
DA:195,0
DA:198,0
DA:199,0
DA:201,0
DA:202,0
DA:207,0
DA:208,0
DA:209,0
DA:212,0
DA:213,0
DA:214,0
DA:217,0
DA:218,0
DA:219,0
DA:220,0
DA:224,0
DA:225,0
DA:226,0
DA:230,0
DA:231,0
DA:232,0
DA:233,0
DA:234,0
DA:236,0
DA:237,0
DA:243,0
DA:244,0
DA:245,0
DA:246,0
DA:383,0
DA:384,0
DA:449,0
DA:467,0
DA:517,0
DA:518,0
DA:519,0
DA:520,0
DA:521,0
DA:522,0
DA:596,0
DA:597,0
DA:598,0
DA:614,0
DA:615,0
DA:617,0
DA:618,0
DA:619,0
DA:620,0
DA:622,0
DA:624,0
DA:625,0
DA:638,0
DA:639,0
DA:641,0
DA:642,0
DA:643,0
DA:644,0
DA:646,0
DA:648,0
DA:649,0
DA:668,0
DA:669,0
DA:670,0
DA:671,0
DA:672,0
LF:144
LH:0
BRDA:44,0,0,0
BRDA:64,1,0,0
BRDA:64,1,1,0
BRDA:64,2,0,0
BRDA:64,2,1,0
BRDA:77,3,0,0
BRDA:77,3,1,0
BRDA:89,4,0,0
BRDA:89,4,1,0
BRDA:108,5,0,0
BRDA:108,5,1,0
BRDA:134,6,0,0
BRDA:134,6,1,0
BRDA:137,7,0,0
BRDA:137,7,1,0
BRDA:137,8,0,0
BRDA:137,8,1,0
BRDA:140,9,0,0
BRDA:140,9,1,0
BRDA:146,10,0,0
BRDA:146,10,1,0
BRDA:147,11,0,0
BRDA:147,11,1,0
BRDA:183,12,0,0
BRDA:183,12,1,0
BRDA:189,13,0,0
BRDA:189,13,1,0
BRDA:213,14,0,0
BRDA:213,14,1,0
BRDA:214,15,0,0
BRDA:214,15,1,0
BRDA:218,16,0,0
BRDA:218,16,1,0
BRDA:224,17,0,0
BRDA:224,17,1,0
BRDA:230,18,0,0
BRDA:230,18,1,0
BRDA:230,19,0,0
BRDA:230,19,1,0
BRDA:231,20,0,0
BRDA:231,20,1,0
BRDA:234,21,0,0
BRDA:234,21,1,0
BRDA:236,22,0,0
BRDA:236,22,1,0
BRDA:245,23,0,0
BRDA:245,23,1,0
BRDA:324,24,0,0
BRDA:344,25,0,0
BRDA:344,25,1,0
BRDA:346,26,0,0
BRDA:359,27,0,0
BRDA:359,27,1,0
BRDA:424,28,0,0
BRDA:486,29,0,0
BRDA:503,30,0,0
BRDA:524,31,0,0
BRDA:524,31,1,0
BRDA:527,32,0,0
BRDA:535,33,0,0
BRDA:546,34,0,0
BRDA:546,34,1,0
BRDA:546,34,2,0
BRDA:606,35,0,0
BRDA:606,35,1,0
BRDA:606,35,2,0
BRDA:617,36,0,0
BRDA:617,36,1,0
BRDA:619,37,0,0
BRDA:619,37,1,0
BRDA:641,38,0,0
BRDA:641,38,1,0
BRDA:643,39,0,0
BRDA:643,39,1,0
BRDA:663,40,0,0
BRF:75
BRH:0
end_of_record
TN:
SF:src\components\MergeResults.tsx
FN:6,MergeResults
FN:9,(anonymous_1)
FN:12,(anonymous_2)
FN:14,(anonymous_3)
FN:27,(anonymous_4)
FN:28,(anonymous_5)
FN:44,(anonymous_6)
FN:118,(anonymous_8)
FN:169,(anonymous_9)
FN:195,(anonymous_10)
FNF:10
FNH:0
FNDA:0,MergeResults
FNDA:0,(anonymous_1)
FNDA:0,(anonymous_2)
FNDA:0,(anonymous_3)
FNDA:0,(anonymous_4)
FNDA:0,(anonymous_5)
FNDA:0,(anonymous_6)
FNDA:0,(anonymous_8)
FNDA:0,(anonymous_9)
FNDA:0,(anonymous_10)
DA:7,0
DA:8,0
DA:9,0
DA:10,0
DA:11,0
DA:12,0
DA:14,0
DA:15,0
DA:20,0
DA:21,0
DA:22,0
DA:23,0
DA:24,0
DA:25,0
DA:27,0
DA:28,0
DA:32,0
DA:37,0
DA:38,0
DA:39,0
DA:40,0
DA:41,0
DA:42,0
DA:44,0
DA:45,0
DA:46,0
DA:47,0
DA:48,0
DA:118,0
DA:170,0
DA:171,0
DA:196,0
DA:197,0
LF:33
LH:0
BRDA:46,0,0,0
BRDA:46,0,1,0
BRDA:118,1,0,0
BRDA:118,1,1,0
BRDA:124,2,0,0
BRDA:173,3,0,0
BRDA:224,4,0,0
BRDA:224,4,1,0
BRF:8
BRH:0
end_of_record
TN:
SF:src\components\PlaceholderAutocomplete.tsx
FN:5,PlaceholderAutocomplete
FN:7,(anonymous_1)
FN:12,(anonymous_2)
FN:16,(anonymous_3)
FN:59,(anonymous_5)
FN:60,(anonymous_6)
FNF:6
FNH:0
FNDA:0,PlaceholderAutocomplete
FNDA:0,(anonymous_1)
FNDA:0,(anonymous_2)
FNDA:0,(anonymous_3)
FNDA:0,(anonymous_5)
FNDA:0,(anonymous_6)
DA:6,0
DA:7,0
DA:12,0
DA:16,0
DA:17,0
DA:18,0
DA:19,0
DA:27,0
DA:59,0
DA:60,0
LF:10
LH:0
BRDA:5,0,0,0
BRDA:5,1,0,0
BRDA:5,2,0,0
BRDA:17,3,0,0
BRDA:17,3,1,0
BRDA:17,4,0,0
BRDA:17,4,1,0
BRDA:27,5,0,0
BRDA:27,5,1,0
BRDA:27,6,0,0
BRDA:27,6,1,0
BRDA:36,7,0,0
BRDA:58,8,0,0
BRDA:58,8,1,0
BRDA:59,9,0,0
BRDA:59,9,1,0
BRDA:67,10,0,0
BRDA:67,10,1,0
BRDA:74,11,0,0
BRDA:74,11,1,0
BRDA:87,12,0,0
BRDA:88,13,0,0
BRDA:88,13,1,0
BRDA:95,14,0,0
BRDA:96,15,0,0
BRDA:96,15,1,0
BRDA:103,16,0,0
BRDA:104,17,0,0
BRDA:104,17,1,0
BRDA:111,18,0,0
BRDA:112,19,0,0
BRDA:112,19,1,0
BRF:32
BRH:0
end_of_record
TN:
SF:src\components\PlaceholderHelpModal.tsx
FN:9,PlaceholderHelpModal
FNF:1
FNH:0
FNDA:0,PlaceholderHelpModal
LF:0
LH:0
BRF:0
BRH:0
end_of_record
TN:
SF:src\components\RowInputPrompt.tsx
FN:7,RowInputPrompt
FN:8,(anonymous_1)
FN:17,(anonymous_2)
FN:19,(anonymous_3)
FN:21,(anonymous_4)
FN:22,(anonymous_5)
FN:24,(anonymous_6)
FN:27,(anonymous_7)
FN:28,(anonymous_8)
FN:37,(anonymous_9)
FN:170,(anonymous_12)
FN:178,(anonymous_13)
FNF:12
FNH:0
FNDA:0,RowInputPrompt
FNDA:0,(anonymous_1)
FNDA:0,(anonymous_2)
FNDA:0,(anonymous_3)
FNDA:0,(anonymous_4)
FNDA:0,(anonymous_5)
FNDA:0,(anonymous_6)
FNDA:0,(anonymous_7)
FNDA:0,(anonymous_8)
FNDA:0,(anonymous_9)
FNDA:0,(anonymous_12)
FNDA:0,(anonymous_13)
DA:8,0
DA:9,0
DA:17,0
DA:18,0
DA:19,0
DA:21,0
DA:22,0
DA:24,0
DA:25,0
DA:27,0
DA:28,0
DA:29,0
DA:30,0
DA:31,0
DA:32,0
DA:34,0
DA:37,0
DA:171,0
DA:172,0
DA:173,0
DA:178,0
LF:21
LH:0
BRDA:12,0,0,0
BRDA:12,0,1,0
BRDA:25,1,0,0
BRDA:25,1,1,0
BRDA:30,2,0,0
BRDA:30,2,1,0
BRDA:31,3,0,0
BRDA:31,3,1,0
BRDA:172,4,0,0
BRDA:172,4,1,0
BRDA:173,5,0,0
BRDA:173,5,1,0
BRDA:173,5,2,0
BRDA:176,6,0,0
BRDA:176,6,1,0
BRDA:179,7,0,0
BRDA:179,7,1,0
BRDA:180,8,0,0
BRDA:180,8,1,0
BRDA:193,9,0,0
BRF:20
BRH:0
end_of_record
TN:
SF:src\components\UserInputPrompt.tsx
FN:6,UserInputPrompt
FN:7,(anonymous_1)
FN:13,(anonymous_2)
FN:14,(anonymous_3)
FN:16,(anonymous_4)
FN:58,(anonymous_5)
FN:115,(anonymous_6)
FNF:7
FNH:0
FNDA:0,UserInputPrompt
FNDA:0,(anonymous_1)
FNDA:0,(anonymous_2)
FNDA:0,(anonymous_3)
FNDA:0,(anonymous_4)
FNDA:0,(anonymous_5)
FNDA:0,(anonymous_6)
DA:7,0
DA:8,0
DA:13,0
DA:14,0
DA:16,0
DA:17,0
DA:18,0
DA:20,0
DA:59,0
DA:60,0
DA:61,0
DA:62,0
DA:115,0
LF:13
LH:0
BRDA:17,0,0,0
BRDA:17,0,1,0
BRDA:18,1,0,0
BRDA:18,1,1,0
BRDA:20,2,0,0
BRDA:20,2,1,0
BRDA:61,3,0,0
BRDA:61,3,1,0
BRDA:62,4,0,0
BRDA:62,4,1,0
BRDA:62,4,2,0
BRDA:69,5,0,0
BRDA:95,6,0,0
BRDA:95,6,1,0
BRDA:111,7,0,0
BRDA:111,7,1,0
BRDA:112,8,0,0
BRDA:112,8,1,0
BRDA:113,9,0,0
BRDA:113,9,1,0
BRDA:116,10,0,0
BRDA:116,10,1,0
BRDA:122,11,0,0
BRF:23
BRH:0
end_of_record
TN:
SF:src\hooks\use-mobile.tsx
FN:3,useIsMobile
FN:5,(anonymous_1)
FN:7,(anonymous_2)
FN:12,(anonymous_3)
FNF:4
FNH:0
FNDA:0,useIsMobile
FNDA:0,(anonymous_1)
FNDA:0,(anonymous_2)
FNDA:0,(anonymous_3)
DA:2,0
DA:4,0
DA:5,0
DA:6,0
DA:7,0
DA:8,0
DA:10,0
DA:11,0
DA:12,0
DA:14,0
LF:10
LH:0
BRF:0
BRH:0
end_of_record
TN:
SF:src\hooks\use-toast.ts
FN:11,genId
FN:16,(anonymous_1)
FN:20,(anonymous_2)
FN:29,(anonymous_3)
FN:42,(anonymous_4)
FN:55,(anonymous_5)
FN:61,(anonymous_6)
FN:76,(anonymous_7)
FN:84,dispatch
FN:86,(anonymous_9)
FN:90,toast
FN:92,(anonymous_11)
FN:99,(anonymous_12)
FN:109,(anonymous_13)
FN:120,useToast
FN:122,(anonymous_15)
FN:124,(anonymous_16)
FN:136,(anonymous_17)
FNF:18
FNH:0
FNDA:0,genId
FNDA:0,(anonymous_1)
FNDA:0,(anonymous_2)
FNDA:0,(anonymous_3)
FNDA:0,(anonymous_4)
FNDA:0,(anonymous_5)
FNDA:0,(anonymous_6)
FNDA:0,(anonymous_7)
FNDA:0,dispatch
FNDA:0,(anonymous_9)
FNDA:0,toast
FNDA:0,(anonymous_11)
FNDA:0,(anonymous_12)
FNDA:0,(anonymous_13)
FNDA:0,useToast
FNDA:0,(anonymous_15)
FNDA:0,(anonymous_16)
FNDA:0,(anonymous_17)
DA:2,0
DA:3,0
DA:4,0
DA:10,0
DA:12,0
DA:13,0
DA:15,0
DA:16,0
DA:17,0
DA:18,0
DA:20,0
DA:21,0
DA:22,0
DA:27,0
DA:29,0
DA:30,0
DA:32,0
DA:40,0
DA:42,0
DA:49,0
DA:52,0
DA:53,0
DA:55,0
DA:56,0
DA:59,0
DA:61,0
DA:68,0
DA:69,0
DA:74,0
DA:76,0
DA:80,0
DA:81,0
DA:85,0
DA:86,0
DA:87,0
DA:91,0
DA:92,0
DA:99,0
DA:103,0
DA:110,0
DA:114,0
DA:121,0
DA:122,0
DA:123,0
DA:124,0
DA:125,0
DA:126,0
DA:127,0
DA:133,0
DA:136,0
LF:50
LH:0
BRDA:17,0,0,0
BRDA:17,0,1,0
BRDA:30,1,0,0
BRDA:30,1,1,0
BRDA:30,1,2,0
BRDA:30,1,3,0
BRDA:42,2,0,0
BRDA:42,2,1,0
BRDA:52,3,0,0
BRDA:52,3,1,0
BRDA:61,4,0,0
BRDA:61,4,1,0
BRDA:61,5,0,0
BRDA:61,5,1,0
BRDA:68,6,0,0
BRDA:68,6,1,0
BRDA:110,7,0,0
BRDA:110,7,1,0
BRDA:126,8,0,0
BRDA:126,8,1,0
BRF:20
BRH:0
end_of_record
TN:
SF:src\lib\arrayMerge.ts
FN:9,findArraysInJson
FN:14,traverse
FN:37,mergeAsArray
FN:59,(anonymous_3)
FNF:4
FNH:4
FNDA:2,findArraysInJson
FNDA:5,traverse
FNDA:1,mergeAsArray
FNDA:2,(anonymous_3)
DA:10,2
DA:11,2
DA:12,1
DA:15,5
DA:16,1
DA:22,5
DA:23,3
DA:24,4
DA:25,4
DA:30,1
DA:31,1
DA:33,1
DA:45,1
DA:46,1
DA:49,1
DA:50,1
DA:51,1
DA:52,0
DA:55,1
DA:56,1
DA:59,1
DA:60,2
DA:61,2
DA:62,2
DA:63,2
DA:67,1
DA:70,1
DA:71,1
DA:73,1
DA:75,0
DA:76,0
LF:31
LH:28
BRDA:15,0,0,1
BRDA:15,0,1,4
BRDA:15,1,0,5
BRDA:15,1,1,1
BRDA:18,2,0,0
BRDA:18,2,1,1
BRDA:22,3,0,3
BRDA:22,3,1,2
BRDA:22,4,0,5
BRDA:22,4,1,3
BRDA:24,5,0,2
BRDA:24,5,1,2
BRDA:60,6,0,2
BRDA:60,6,1,2
BRF:14
BRH:13
end_of_record
TN:
SF:src\lib\jsonArrayDetection.ts
FN:4,isInsideJsonArray
FN:39,findRowInputsOutsideArrays
FNF:2
FNH:2
FNDA:11,isInsideJsonArray
FNDA:5,findRowInputsOutsideArrays
DA:5,11
DA:6,11
DA:7,11
DA:9,11
DA:10,285
DA:12,285
DA:13,0
DA:14,0
DA:17,285
DA:18,0
DA:19,0
DA:22,285
DA:23,58
DA:24,58
DA:27,227
DA:28,83
DA:29,83
DA:33,11
DA:40,5
DA:41,5
DA:44,5
DA:45,4
DA:46,1
DA:53,5
LF:24
LH:20
BRDA:9,0,0,296
BRDA:9,0,1,286
BRDA:12,1,0,0
BRDA:12,1,1,285
BRDA:17,2,0,0
BRDA:17,2,1,285
BRDA:17,3,0,285
BRDA:17,3,1,0
BRDA:22,4,0,58
BRDA:22,4,1,227
BRDA:27,5,0,83
BRDA:27,5,1,144
BRDA:28,6,0,8
BRDA:28,6,1,75
BRDA:29,7,0,1
BRDA:29,7,1,82
BRDA:45,8,0,1
BRDA:45,8,1,3
BRF:18
BRH:15
end_of_record
TN:
SF:src\lib\jsonMerge.ts
FN:8,parseCSV
FN:18,(anonymous_1)
FN:21,(anonymous_2)
FN:30,parseCSVLine
FN:65,extractPlaceholders
FN:79,extractFullPlaceholders
FN:91,mergePlaceholders
FN:121,(anonymous_7)
FN:143,escapeRegex
FN:147,escapeJsonString
FN:158,validateJSON
FN:167,formatJSON
FNF:12
FNH:11
FNDA:4,parseCSV
FNDA:4,(anonymous_1)
FNDA:8,(anonymous_2)
FNDA:8,parseCSVLine
FNDA:3,extractPlaceholders
FNDA:1,extractFullPlaceholders
FNDA:4,mergePlaceholders
FNDA:0,(anonymous_7)
FNDA:5,escapeRegex
FNDA:5,escapeJsonString
FNDA:3,validateJSON
FNDA:2,formatJSON
DA:9,4
DA:10,4
DA:11,0
DA:15,4
DA:18,4
DA:19,4
DA:20,4
DA:21,4
DA:22,8
DA:24,4
DA:27,4
DA:31,8
DA:32,8
DA:33,8
DA:34,8
DA:36,8
DA:37,131
DA:39,131
DA:40,8
DA:41,0
DA:42,0
DA:44,8
DA:45,8
DA:46,4
DA:49,123
DA:51,7
DA:52,7
DA:53,7
DA:55,116
DA:60,8
DA:61,8
DA:66,3
DA:67,3
DA:70,3
DA:71,4
DA:72,4
DA:75,3
DA:80,1
DA:81,1
DA:84,1
DA:85,2
DA:88,1
DA:98,4
DA:99,4
DA:102,4
DA:103,4
DA:106,4
DA:107,6
DA:108,6
DA:112,4
DA:113,6
DA:114,6
DA:115,5
DA:116,5
DA:119,5
DA:120,5
DA:121,0
DA:125,5
DA:127,0
DA:128,0
DA:129,0
DA:130,0
DA:133,5
DA:134,5
DA:135,5
DA:140,4
DA:144,5
DA:148,5
DA:159,3
DA:160,3
DA:161,1
DA:163,2
DA:168,2
DA:169,2
DA:170,1
DA:172,1
LF:76
LH:68
BRDA:10,0,0,0
BRDA:10,0,1,4
BRDA:22,1,0,8
BRDA:22,1,1,0
BRDA:39,2,0,8
BRDA:39,2,1,123
BRDA:40,3,0,0
BRDA:40,3,1,8
BRDA:40,4,0,8
BRDA:40,4,1,4
BRDA:45,5,0,4
BRDA:45,5,1,4
BRDA:49,6,0,7
BRDA:49,6,1,116
BRDA:49,7,0,123
BRDA:49,7,1,8
BRDA:51,8,0,2
BRDA:51,8,1,5
BRDA:60,9,0,2
BRDA:60,9,1,6
BRDA:114,10,0,5
BRDA:114,10,1,1
BRDA:120,11,0,0
BRDA:120,11,1,5
BRDA:125,12,0,0
BRDA:125,12,1,5
BRDA:125,13,0,5
BRDA:125,13,1,0
BRF:28
BRH:22
end_of_record
TN:
SF:src\lib\placeholderMethods.ts
FN:11,(anonymous_0)
FN:16,(anonymous_1)
FN:21,(anonymous_2)
FN:26,(anonymous_3)
FN:31,(anonymous_4)
FN:31,(anonymous_5)
FN:36,(anonymous_6)
FN:41,(anonymous_7)
FN:41,(anonymous_8)
FN:46,(anonymous_9)
FN:51,(anonymous_10)
FN:56,(anonymous_11)
FN:66,parsePlaceholder
FN:89,applyMethods
FN:102,getAvailableMethods
FN:106,getMethodNames
FNF:16
FNH:13
FNDA:2,(anonymous_0)
FNDA:1,(anonymous_1)
FNDA:2,(anonymous_2)
FNDA:1,(anonymous_3)
FNDA:1,(anonymous_4)
FNDA:2,(anonymous_5)
FNDA:2,(anonymous_6)
FNDA:0,(anonymous_7)
FNDA:0,(anonymous_8)
FNDA:0,(anonymous_9)
FNDA:1,(anonymous_10)
FNDA:1,(anonymous_11)
FNDA:22,parsePlaceholder
FNDA:25,applyMethods
FNDA:8,getAvailableMethods
FNDA:1,getMethodNames
DA:7,5
DA:11,2
DA:16,1
DA:21,2
DA:26,1
DA:31,2
DA:36,2
DA:41,0
DA:46,0
DA:51,1
DA:56,1
DA:68,22
DA:71,22
DA:72,22
DA:75,22
DA:76,4
DA:80,22
DA:82,22
DA:90,25
DA:92,25
DA:93,12
DA:94,12
DA:95,11
DA:99,25
DA:103,8
DA:107,1
LF:26
LH:24
BRDA:94,0,0,11
BRDA:94,0,1,1
BRF:2
BRH:2
end_of_record
TN:
SF:src\lib\placeholderSuggestions.ts
FN:14,buildMethodSuggestions
FN:15,(anonymous_1)
FN:26,buildSystemSuggestions
FN:27,(anonymous_3)
FN:38,buildUserInputSuggestions
FN:39,(anonymous_5)
FN:50,buildRowInputSuggestions
FN:51,(anonymous_7)
FN:62,buildCsvHeaderSuggestions
FN:63,(anonymous_9)
FN:74,buildAllSuggestions
FN:91,filterSuggestions
FN:93,(anonymous_12)
FNF:13
FNH:13
FNDA:6,buildMethodSuggestions
FNDA:60,(anonymous_1)
FNDA:1,buildSystemSuggestions
FNDA:6,(anonymous_3)
FNDA:1,buildUserInputSuggestions
FNDA:2,(anonymous_5)
FNDA:1,buildRowInputSuggestions
FNDA:2,(anonymous_7)
FNDA:2,buildCsvHeaderSuggestions
FNDA:3,(anonymous_9)
FNDA:5,buildAllSuggestions
FNDA:3,filterSuggestions
FNDA:30,(anonymous_12)
DA:15,60
DA:27,6
DA:39,2
DA:51,2
DA:63,3
DA:79,5
DA:80,5
DA:83,0
DA:92,3
DA:93,30
LF:10
LH:9
BRDA:79,0,0,5
BRDA:79,0,1,0
BRDA:86,1,0,0
BRDA:86,1,1,0
BRF:4
BRH:1
end_of_record
TN:
SF:src\lib\systemPlaceholders.ts
FN:19,(anonymous_0)
FN:27,(anonymous_1)
FN:35,(anonymous_2)
FN:43,(anonymous_3)
FN:48,(anonymous_4)
FN:53,(anonymous_5)
FN:85,getSystemPlaceholderNames
FN:86,(anonymous_7)
FN:89,getUserInputPlaceholderNames
FN:90,(anonymous_9)
FN:93,getRowInputPlaceholderNames
FN:94,(anonymous_11)
FN:97,getAllPlaceholderNames
FN:101,resolveSystemPlaceholders
FN:110,(anonymous_14)
FN:119,(anonymous_15)
FNF:16
FNH:15
FNDA:2,(anonymous_0)
FNDA:1,(anonymous_1)
FNDA:1,(anonymous_2)
FNDA:1,(anonymous_3)
FNDA:3,(anonymous_4)
FNDA:1,(anonymous_5)
FNDA:2,getSystemPlaceholderNames
FNDA:12,(anonymous_7)
FNDA:2,getUserInputPlaceholderNames
FNDA:4,(anonymous_9)
FNDA:2,getRowInputPlaceholderNames
FNDA:4,(anonymous_11)
FNDA:1,getAllPlaceholderNames
FNDA:11,resolveSystemPlaceholders
FNDA:38,(anonymous_14)
FNDA:0,(anonymous_15)
DA:15,3
DA:20,2
DA:21,2
DA:28,1
DA:29,1
DA:36,1
DA:37,1
DA:43,1
DA:48,3
DA:53,1
DA:57,3
DA:70,3
DA:83,3
DA:86,12
DA:90,4
DA:94,4
DA:98,1
DA:102,11
DA:105,11
DA:108,11
DA:109,10
DA:110,38
DA:112,10
DA:113,9
DA:114,9
DA:117,9
DA:118,9
DA:119,0
DA:121,9
DA:122,9
DA:126,11
LF:31
LH:30
BRDA:112,0,0,9
BRDA:112,0,1,1
BRDA:118,1,0,0
BRDA:118,1,1,9
BRF:4
BRH:3
end_of_record
TN:
SF:src\lib\utils.ts
FN:4,cn
FNF:1
FNH:1
FNDA:3,cn
DA:5,3
LF:1
LH:1
BRF:0
BRH:0
end_of_record
TN:
SF:src\pages\Index.tsx
FN:44,(anonymous_0)
FN:52,(anonymous_1)
FN:56,(anonymous_2)
FN:61,(anonymous_3)
FN:64,(anonymous_4)
FN:67,(anonymous_5)
FN:70,(anonymous_6)
FN:71,(anonymous_7)
FN:72,(anonymous_8)
FN:73,(anonymous_9)
FN:82,(anonymous_10)
FN:82,(anonymous_11)
FN:86,(anonymous_12)
FN:90,(anonymous_13)
FN:91,(anonymous_14)
FN:97,(anonymous_15)
FN:98,(anonymous_16)
FN:104,(anonymous_17)
FN:113,(anonymous_18)
FN:114,(anonymous_19)
FN:114,(anonymous_20)
FN:115,(anonymous_21)
FN:115,(anonymous_22)
FN:122,(anonymous_23)
FN:123,(anonymous_24)
FN:126,(anonymous_25)
FN:137,(anonymous_26)
FN:139,(anonymous_27)
FN:140,(anonymous_28)
FN:143,(anonymous_29)
FN:155,(anonymous_30)
FN:163,(anonymous_31)
FN:176,(anonymous_32)
FN:185,(anonymous_33)
FN:272,(anonymous_34)
FNF:35
FNH:0
FNDA:0,(anonymous_0)
FNDA:0,(anonymous_1)
FNDA:0,(anonymous_2)
FNDA:0,(anonymous_3)
FNDA:0,(anonymous_4)
FNDA:0,(anonymous_5)
FNDA:0,(anonymous_6)
FNDA:0,(anonymous_7)
FNDA:0,(anonymous_8)
FNDA:0,(anonymous_9)
FNDA:0,(anonymous_10)
FNDA:0,(anonymous_11)
FNDA:0,(anonymous_12)
FNDA:0,(anonymous_13)
FNDA:0,(anonymous_14)
FNDA:0,(anonymous_15)
FNDA:0,(anonymous_16)
FNDA:0,(anonymous_17)
FNDA:0,(anonymous_18)
FNDA:0,(anonymous_19)
FNDA:0,(anonymous_20)
FNDA:0,(anonymous_21)
FNDA:0,(anonymous_22)
FNDA:0,(anonymous_23)
FNDA:0,(anonymous_24)
FNDA:0,(anonymous_25)
FNDA:0,(anonymous_26)
FNDA:0,(anonymous_27)
FNDA:0,(anonymous_28)
FNDA:0,(anonymous_29)
FNDA:0,(anonymous_30)
FNDA:0,(anonymous_31)
FNDA:0,(anonymous_32)
FNDA:0,(anonymous_33)
FNDA:0,(anonymous_34)
DA:18,0
DA:28,0
DA:40,0
DA:44,0
DA:45,0
DA:46,0
DA:47,0
DA:48,0
DA:49,0
DA:50,0
DA:51,0
DA:52,0
DA:53,0
DA:54,0
DA:56,0
DA:57,0
DA:58,0
DA:59,0
DA:61,0
DA:64,0
DA:67,0
DA:70,0
DA:71,0
DA:72,0
DA:73,0
DA:82,0
DA:86,0
DA:90,0
DA:91,0
DA:97,0
DA:98,0
DA:104,0
DA:105,0
DA:106,0
DA:111,0
DA:113,0
DA:114,0
DA:115,0
DA:116,0
DA:122,0
DA:123,0
DA:124,0
DA:125,0
DA:126,0
DA:127,0
DA:128,0
DA:130,0
DA:137,0
DA:138,0
DA:139,0
DA:140,0
DA:141,0
DA:142,0
DA:143,0
DA:144,0
DA:145,0
DA:147,0
DA:155,0
DA:156,0
DA:157,0
DA:163,0
DA:164,0
DA:165,0
DA:167,0
DA:168,0
DA:175,0
DA:176,0
DA:177,0
DA:178,0
DA:179,0
DA:180,0
DA:184,0
DA:185,0
DA:186,0
DA:187,0
DA:188,0
DA:189,0
DA:201,0
DA:272,0
LF:79
LH:0
BRDA:53,0,0,0
BRDA:53,0,1,0
BRDA:105,1,0,0
BRDA:105,1,1,0
BRDA:105,2,0,0
BRDA:105,2,1,0
BRDA:125,3,0,0
BRDA:125,3,1,0
BRDA:127,4,0,0
BRDA:127,4,1,0
BRDA:128,5,0,0
BRDA:128,5,1,0
BRDA:138,6,0,0
BRDA:138,6,1,0
BRDA:142,7,0,0
BRDA:142,7,1,0
BRDA:144,8,0,0
BRDA:144,8,1,0
BRDA:145,9,0,0
BRDA:145,9,1,0
BRDA:156,10,0,0
BRDA:156,10,1,0
BRDA:164,11,0,0
BRDA:164,11,1,0
BRDA:164,12,0,0
BRDA:164,12,1,0
BRDA:164,12,2,0
BRDA:167,13,0,0
BRDA:167,13,1,0
BRDA:175,14,0,0
BRDA:175,14,1,0
BRDA:175,14,2,0
BRDA:175,14,3,0
BRDA:175,14,4,0
BRDA:175,14,5,0
BRDA:175,14,6,0
BRDA:175,14,7,0
BRDA:175,14,8,0
BRDA:177,15,0,0
BRDA:177,15,1,0
BRDA:178,16,0,0
BRDA:178,16,1,0
BRDA:178,17,0,0
BRDA:178,17,1,0
BRDA:186,18,0,0
BRDA:186,18,1,0
BRDA:201,19,0,0
BRDA:201,19,1,0
BRDA:308,20,0,0
BRDA:308,20,1,0
BRDA:327,21,0,0
BRDA:340,22,0,0
BRDA:340,22,1,0
BRDA:482,23,0,0
BRDA:482,23,1,0
BRDA:488,24,0,0
BRDA:488,24,1,0
BRDA:490,25,0,0
BRDA:584,26,0,0
BRDA:593,27,0,0
BRDA:655,28,0,0
BRDA:655,28,1,0
BRDA:655,28,2,0
BRDA:685,29,0,0
BRDA:685,29,1,0
BRDA:686,30,0,0
BRDA:686,30,1,0
BRDA:686,30,2,0
BRDA:687,31,0,0
BRDA:687,31,1,0
BRDA:687,31,2,0
BRDA:687,31,3,0
BRDA:688,32,0,0
BRDA:688,32,1,0
BRDA:688,32,2,0
BRDA:688,32,3,0
BRDA:688,32,4,0
BRDA:688,32,5,0
BRDA:689,33,0,0
BRDA:689,33,1,0
BRDA:689,33,2,0
BRDA:689,33,3,0
BRDA:689,33,4,0
BRDA:689,33,5,0
BRDA:690,34,0,0
BRDA:690,34,1,0
BRDA:690,34,2,0
BRDA:690,34,3,0
BRDA:690,34,4,0
BRDA:690,34,5,0
BRDA:690,34,6,0
BRDA:690,34,7,0
BRDA:691,35,0,0
BRDA:691,35,1,0
BRDA:691,35,2,0
BRDA:691,35,3,0
BRDA:692,36,0,0
BRDA:692,36,1,0
BRDA:692,37,0,0
BRDA:692,37,1,0
BRDA:709,38,0,0
BRDA:709,38,1,0
BRDA:709,39,0,0
BRDA:709,39,1,0
BRDA:723,40,0,0
BRDA:723,40,1,0
BRDA:737,41,0,0
BRDA:737,41,1,0
BRDA:760,42,0,0
BRDA:765,43,0,0
BRDA:765,43,1,0
BRDA:892,44,0,0
BRDA:892,44,1,0
BRF:113
BRH:0
end_of_record
TN:
SF:src\pages\NotFound.tsx
FN:4,(anonymous_0)
FN:6,(anonymous_1)
FNF:2
FNH:0
FNDA:0,(anonymous_0)
FNDA:0,(anonymous_1)
DA:4,0
DA:5,0
DA:6,0
DA:7,0
LF:4
LH:0
BRF:0
BRH:0
end_of_record
